#
# A fatal error has been detected by the Java Runtime Environment:
#
#  EXCEPTION_ACCESS_VIOLATION (0xc0000005) at pc=0x63599779, pid=308, tid=4768
#
# JRE version: 6.0_25-b06
# Java VM: Java HotSpot(TM) Client VM (20.0-b11 mixed mode, sharing windows-x86 )
# Problematic frame:
# C  [baslera311.dll+0x3b9779]
#
# If you would like to submit a bug report, please visit:
#   http://java.sun.com/webapps/bugreport/crash.jsp
# The crash happened outside the Java Virtual Machine in native code.
# See problematic frame for where to report the bug.
#

---------------  T H R E A D  ---------------

Current thread (0x000d9000):  JavaThread "main" [_thread_in_native, id=4768, stack(0x001f0000,0x00240000)]

siginfo: ExceptionCode=0xc0000005, reading address 0x00000070

Registers:
EAX=0x00320033, EBX=0x7ffd8000, ECX=0x00320033, EDX=0x00000000
ESP=0x0023eeb4, EBP=0x0023eed8, ESI=0x0023ef64, EDI=0x00000001
EIP=0x63599779, EFLAGS=0x00010206

Top of Stack: (sp=0x0023eeb4)
0x0023eeb4:   0023eec8 7716652a 0029d110 75631100
0x0023eec4:   00320033 0023eedc 7713ea8e 00250000
0x0023eed4:   00000000 0023eef0 63599934 631e0000
0x0023eee4:   00000000 00000001 00000000 0023ef3c
0x0023eef4:   6398d72a 631e0000 00000000 00000001
0x0023ef04:   b5a919c0 00000001 0023ef64 7ffd8000
0x0023ef14:   0029eef0 7ffd8000 c0000005 00000001
0x0023ef24:   0023ef04 0023ead8 0023f000 634a9ab4 

Instructions: (pc=0x63599779)
0x63599759:   dc 00 00 00 83 7d 0c 00 75 7a e8 9a 5a f1 ff 89
0x63599769:   45 ec 83 7d ec 00 74 0d 8b 45 ec 8b 10 8b 4d ec
0x63599779:   8b 42 70 ff d0 e8 a4 2a f2 ff 83 78 10 00 74 36
0x63599789:   e8 99 2a f2 ff 8b 48 10 51 68 dc 8f a6 63 6a 00 


Register to memory mapping:

EAX=0x00320033 is an unknown value
EBX=0x7ffd8000 is an unknown value
ECX=0x00320033 is an unknown value
EDX=0x00000000 is an unknown value
ESP=0x0023eeb4 is pointing into the stack for thread: 0x000d9000
EBP=0x0023eed8 is pointing into the stack for thread: 0x000d9000
ESI=0x0023ef64 is pointing into the stack for thread: 0x000d9000
EDI=0x00000001 is an unknown value


Stack: [0x001f0000,0x00240000],  sp=0x0023eeb4,  free space=315k
Native frames: (J=compiled Java code, j=interpreted, Vv=VM code, C=native code)
C  [baslera311.dll+0x3b9779]  Java_edu_byui_PET_camera_BaslerA311JNI_getCameraData+0xddfe3
C  [baslera311.dll+0x3b9934]  Java_edu_byui_PET_camera_BaslerA311JNI_getCameraData+0xde19e
C  [baslera311.dll+0x7ad72a]  Java_edu_byui_PET_camera_BaslerA311JNI_getCameraData+0x4d1f94
C  [baslera311.dll+0x7ad641]  Java_edu_byui_PET_camera_BaslerA311JNI_getCameraData+0x4d1eab
C  [ntdll.dll+0x413b4]  RtlQueryInformationActivationContext+0x1b7
C  [ntdll.dll+0x3b27c]  RtlExitUserProcess+0xe6
C  [ntdll.dll+0x3b1fe]  RtlExitUserProcess+0x68
C  [kernel32.dll+0x44409]  ExitProcess+0x15
C  [baslera311.dll+0x7a570b]  Java_edu_byui_PET_camera_BaslerA311JNI_getCameraData+0x4c9f75
C  [baslera311.dll+0x7a560a]  Java_edu_byui_PET_camera_BaslerA311JNI_getCameraData+0x4c9e74
C  [baslera311.dll+0x7a51f2]  Java_edu_byui_PET_camera_BaslerA311JNI_getCameraData+0x4c9a5c
C  [baslera311.dll+0x2f129c]  Java_edu_byui_PET_camera_BaslerA311JNI_getCameraData+0x15b06
C  [baslera311.dll+0x2eff87]  Java_edu_byui_PET_camera_BaslerA311JNI_getCameraData+0x147f1
j  edu.byui.PET.camera.BaslerA311JNI.getCameraData(JJ)[B+0
j  edu.byui.PET.camera.BaslerA311JNI.retrieveData()Z+43
j  edu.byui.PET.camera.PETCamera.captureImage()Z+1
j  edu.byui.PET.images.CameraImagePanel.<init>(Ledu/byui/PET/camera/Camera;)V+13
j  edu.byui.PET.camera.JNICameraTest.testPanel()V+19
j  edu.byui.PET.camera.JNICameraTest.<init>()V+5
j  edu.byui.PET.camera.JNICameraTest.main([Ljava/lang/String;)V+4
v  ~StubRoutines::call_stub
V  [jvm.dll+0xfad0b]
V  [jvm.dll+0x18c241]
V  [jvm.dll+0xfad8d]
V  [jvm.dll+0x957b6]
V  [jvm.dll+0x9d5f3]
C  [java.exe+0x2155]
C  [java.exe+0x85b4]
C  [kernel32.dll+0x4d309]  BaseThreadInitThunk+0x12
C  [ntdll.dll+0x416c3]  RtlInitializeExceptionChain+0x63
C  [ntdll.dll+0x41696]  RtlInitializeExceptionChain+0x36

Java frames: (J=compiled Java code, j=interpreted, Vv=VM code)
j  edu.byui.PET.camera.BaslerA311JNI.getCameraData(JJ)[B+0
j  edu.byui.PET.camera.BaslerA311JNI.retrieveData()Z+43
j  edu.byui.PET.camera.PETCamera.captureImage()Z+1
j  edu.byui.PET.images.CameraImagePanel.<init>(Ledu/byui/PET/camera/Camera;)V+13
j  edu.byui.PET.camera.JNICameraTest.testPanel()V+19
j  edu.byui.PET.camera.JNICameraTest.<init>()V+5
j  edu.byui.PET.camera.JNICameraTest.main([Ljava/lang/String;)V+4
v  ~StubRoutines::call_stub

---------------  P R O C E S S  ---------------

Java Threads: ( => current thread )
  0x04704000 JavaThread "AWT-Windows" daemon [_thread_in_native, id=944, stack(0x05530000,0x05580000)]
  0x04703800 JavaThread "AWT-Shutdown" [_thread_blocked, id=4076, stack(0x054e0000,0x05530000)]
  0x04701000 JavaThread "Java2D Disposer" daemon [_thread_blocked, id=3300, stack(0x05490000,0x054e0000)]
  0x02207c00 JavaThread "Low Memory Detector" daemon [_thread_blocked, id=5264, stack(0x04460000,0x044b0000)]
  0x021fb000 JavaThread "C1 CompilerThread0" daemon [_thread_blocked, id=4300, stack(0x04410000,0x04460000)]
  0x021fa000 JavaThread "Attach Listener" daemon [_thread_blocked, id=4876, stack(0x043c0000,0x04410000)]
  0x021f7000 JavaThread "Signal Dispatcher" daemon [_thread_blocked, id=2136, stack(0x04370000,0x043c0000)]
  0x021f2000 JavaThread "Finalizer" daemon [_thread_blocked, id=2716, stack(0x04320000,0x04370000)]
  0x021ec400 JavaThread "Reference Handler" daemon [_thread_blocked, id=4216, stack(0x042d0000,0x04320000)]
=>0x000d9000 JavaThread "main" [_thread_in_native, id=4768, stack(0x001f0000,0x00240000)]

Other Threads:
  0x021b0800 VMThread [stack: 0x04280000,0x042d0000] [id=5544]
  0x0222a800 WatcherThread [stack: 0x044b0000,0x04500000] [id=1300]

VM state:not at safepoint (normal execution)

VM Mutex/Monitor currently owned by a thread: None

Heap
 def new generation   total 4928K, used 903K [0x23ad0000, 0x24020000, 0x29020000)
  eden space 4416K,  20% used [0x23ad0000, 0x23bb1cf8, 0x23f20000)
  from space 512K,   0% used [0x23f20000, 0x23f20000, 0x23fa0000)
  to   space 512K,   0% used [0x23fa0000, 0x23fa0000, 0x24020000)
 tenured generation   total 10944K, used 0K [0x29020000, 0x29ad0000, 0x33ad0000)
   the space 10944K,   0% used [0x29020000, 0x29020000, 0x29020200, 0x29ad0000)
 compacting perm gen  total 12288K, used 133K [0x33ad0000, 0x346d0000, 0x37ad0000)
   the space 12288K,   1% used [0x33ad0000, 0x33af1640, 0x33af1800, 0x346d0000)
    ro space 10240K,  54% used [0x37ad0000, 0x3804e770, 0x3804e800, 0x384d0000)
    rw space 12288K,  55% used [0x384d0000, 0x38b74ac8, 0x38b74c00, 0x390d0000)

Code Cache  [0x02280000, 0x02308000, 0x04280000)
 total_blobs=209 nmethods=40 adapters=105 free_code_cache=33005184 largest_free_block=0

Dynamic libraries:
0x00400000 - 0x00424000 	C:\Program Files\Java\jdk1.6.0_25\jre\bin\java.exe
0x77100000 - 0x77228000 	C:\Windows\system32\ntdll.dll
0x77280000 - 0x7735c000 	C:\Windows\system32\kernel32.dll
0x75660000 - 0x75694000 	C:\Program Files\Alwil Software\Avast5\snxhk.dll
0x757e0000 - 0x758a6000 	C:\Windows\system32\ADVAPI32.dll
0x75c80000 - 0x75d43000 	C:\Windows\system32\RPCRT4.dll
0x7c340000 - 0x7c396000 	C:\Program Files\Java\jdk1.6.0_25\jre\bin\msvcr71.dll
0x6d8a0000 - 0x6db4f000 	C:\Program Files\Java\jdk1.6.0_25\jre\bin\client\jvm.dll
0x76e30000 - 0x76ecd000 	C:\Windows\system32\USER32.dll
0x77050000 - 0x7709b000 	C:\Windows\system32\GDI32.dll
0x74090000 - 0x740c2000 	C:\Windows\system32\WINMM.dll
0x75af0000 - 0x75b9a000 	C:\Windows\system32\msvcrt.dll
0x75d50000 - 0x75e95000 	C:\Windows\system32\ole32.dll
0x75930000 - 0x759bd000 	C:\Windows\system32\OLEAUT32.dll
0x74050000 - 0x7408e000 	C:\Windows\system32\OLEACC.dll
0x759c0000 - 0x759de000 	C:\Windows\system32\IMM32.DLL
0x76f80000 - 0x77048000 	C:\Windows\system32\MSCTF.dll
0x75540000 - 0x7556c000 	C:\Windows\system32\apphelp.dll
0x77240000 - 0x77249000 	C:\Windows\system32\LPK.DLL
0x758b0000 - 0x7592d000 	C:\Windows\system32\USP10.dll
0x6d850000 - 0x6d85c000 	C:\Program Files\Java\jdk1.6.0_25\jre\bin\verify.dll
0x6d3d0000 - 0x6d3ef000 	C:\Program Files\Java\jdk1.6.0_25\jre\bin\java.dll
0x75730000 - 0x75737000 	C:\Windows\system32\PSAPI.DLL
0x6d890000 - 0x6d89f000 	C:\Program Files\Java\jdk1.6.0_25\jre\bin\zip.dll
0x6d0b0000 - 0x6d1fb000 	C:\Program Files\Java\jdk1.6.0_25\jre\bin\awt.dll
0x70bb0000 - 0x70bf2000 	C:\Windows\system32\WINSPOOL.DRV
0x744d0000 - 0x7466e000 	C:\Windows\WinSxS\x86_microsoft.windows.common-controls_6595b64144ccf1df_6.0.6002.18305_none_5cb72f2a088b0ed3\COMCTL32.dll
0x770a0000 - 0x770f9000 	C:\Windows\system32\SHLWAPI.dll
0x631e0000 - 0x63bb6000 	C:\Users\Kyle\AppData\Local\Temp\.petlibs\baslera311.dll
0x10000000 - 0x10171000 	C:\Program Files\Basler\Pylon 2.3\pylon\bin\Win32\PylonBase_MDd_VC80.dll
0x13000000 - 0x133c3000 	C:\Program Files\Basler\Pylon 2.3\pylon\bin\Win32\xerces-c_MDd_VC80_v2_7.dll
0x77250000 - 0x7727d000 	C:\Windows\system32\WS2_32.dll
0x77230000 - 0x77236000 	C:\Windows\system32\NSI.dll
0x6a200000 - 0x6a321000 	C:\Windows\WinSxS\x86_microsoft.vc80.debugcrt_1fc8b3b9a1e18e3b_8.0.50727.762_none_24c8a196583ff03b\MSVCR80D.dll
0x6a100000 - 0x6a1fe000 	C:\Windows\WinSxS\x86_microsoft.vc80.debugcrt_1fc8b3b9a1e18e3b_8.0.50727.762_none_24c8a196583ff03b\MSVCP80D.dll
0x014c0000 - 0x014e9000 	C:\Program Files\Basler\Pylon 2.3\genicam\Bin\Win32_i86\GCBase_MDd_VC80_v2_0.dll
0x04900000 - 0x04b7f000 	C:\Program Files\Basler\Pylon 2.3\genicam\Bin\Win32_i86\GenApi_MDd_VC80_v2_0.dll
0x045c0000 - 0x045f2000 	C:\Program Files\Basler\Pylon 2.3\genicam\Bin\Win32_i86\MathParser_MDd_VC80_v2_0.dll
0x04610000 - 0x046be000 	C:\Program Files\Basler\Pylon 2.3\genicam\Bin\Win32_i86\log4cpp_MDd_VC80_v2_0.dll
0x046d0000 - 0x046e0000 	C:\Program Files\Basler\Pylon 2.3\genicam\Bin\Win32_i86\Log_MDd_VC80_v2_0.dll
0x74e80000 - 0x74e85000 	C:\Windows\system32\MSIMG32.dll
0x76ed0000 - 0x76f43000 	C:\Windows\system32\COMDLG32.dll
0x76310000 - 0x76e21000 	C:\Windows\system32\SHELL32.dll
0x720d0000 - 0x720ec000 	C:\Windows\system32\oledlg.dll
0x73e80000 - 0x7402b000 	C:\Windows\WinSxS\x86_microsoft.windows.gdiplus_6595b64144ccf1df_1.0.6002.18342_none_9e54f8aaca13c773\gdiplus.dll
0x75640000 - 0x7565e000 	C:\Windows\system32\USERENV.dll
0x75620000 - 0x75634000 	C:\Windows\system32\Secur32.dll
0x747d0000 - 0x7480f000 	C:\Windows\system32\UxTheme.dll
0x71f20000 - 0x71f2c000 	C:\Windows\system32\dwmapi.dll
0x05330000 - 0x05447000 	C:\Program Files\Basler\Pylon 2.3\pylon\bin\Win32\Pylon1394_MDd_VC80.dll
0x74ed0000 - 0x74ed8000 	C:\Windows\system32\VERSION.dll
0x75fc0000 - 0x7614a000 	C:\Windows\system32\SETUPAPI.dll
0x06180000 - 0x061ee000 	C:\Program Files\Basler\Pylon 2.3\pylon\bin\Win32\PylonCLSer_MDd_VC80.dll
0x04c70000 - 0x04ca8000 	C:\Program Files\Basler\Pylon 2.3\genicam\bin\Win32_i86\CLProtocol_MDd_VC80_v2_0.dll
0x061f0000 - 0x06401000 	C:\Program Files\Basler\Pylon 2.3\pylon\bin\Win32\PylonGigE_MDd_VC80.dll
0x06410000 - 0x06426000 	C:\Program Files\Basler\Pylon 2.3\pylon\bin\Win32\gxapi.dll
0x75020000 - 0x75039000 	C:\Windows\system32\iphlpapi.dll
0x74fe0000 - 0x75015000 	C:\Windows\system32\dhcpcsvc.DLL
0x75260000 - 0x7528c000 	C:\Windows\system32\DNSAPI.dll
0x74fd0000 - 0x74fd7000 	C:\Windows\system32\WINNSI.DLL
0x74fa0000 - 0x74fc2000 	C:\Windows\system32\dhcpcsvc6.DLL
0x748d0000 - 0x748fd000 	C:\Windows\system32\WINTRUST.dll
0x750c0000 - 0x751b2000 	C:\Windows\system32\CRYPT32.dll
0x75220000 - 0x75232000 	C:\Windows\system32\MSASN1.dll
0x76f50000 - 0x76f79000 	C:\Windows\system32\imagehlp.dll
0x04f10000 - 0x04f15000 	C:\Program Files\Basler\Pylon 2.3\pylon\bin\Win32\bcamerror.dll
0x06480000 - 0x064ac000 	C:\Program Files\Basler\Pylon 2.3\genicam\Bin\Win32_i86\GenApi\Generic\XMLLoader_MDd_VC80_v2_0.dll
0x067f0000 - 0x069bf000 	C:\Program Files\Basler\Pylon 2.3\genicam\Bin\Win32_i86\GenApi\Generic\xerces-c_MD_VC80_v2_7.dll
0x6c250000 - 0x6c2eb000 	C:\Windows\WinSxS\x86_microsoft.vc80.crt_1fc8b3b9a1e18e3b_8.0.50727.4053_none_d08d7da0442a985d\MSVCR80.dll
0x13400000 - 0x13679000 	C:\Program Files\Basler\Pylon 2.3\genicam\Bin\Win32_i86\GenApi\Generic\Xalan-C_MD_VC80_v1_10.dll
0x13800000 - 0x1380a000 	C:\Program Files\Basler\Pylon 2.3\genicam\Bin\Win32_i86\GenApi\Generic\XalanMessages_MD_VC80_v1_10.dll
0x6c6f0000 - 0x6c777000 	C:\Windows\WinSxS\x86_microsoft.vc80.crt_1fc8b3b9a1e18e3b_8.0.50727.4053_none_d08d7da0442a985d\MSVCP80.dll
0x6d2e0000 - 0x6d32f000 	C:\Program Files\Java\jdk1.6.0_25\jre\bin\fontmanager.dll
0x72690000 - 0x7276c000 	C:\Windows\system32\dbghelp.dll

VM Arguments:
jvm_args: -Dfile.encoding=UTF-8 
java_command: edu.byui.PET.camera.JNICameraTest
Launcher Type: SUN_STANDARD

Environment Variables:
PATH=C:\Program Files\Basler\Pylon 2.3\pylon\bin\Win32;C:\Program Files\Basler\Pylon 2.3\genicam\bin\Win32_i86;C:\Program Files\Basler\Pylon 2.3\pylon\bin\Win32;C:\Program Files\Basler\Pylon 2.3\genicam\Bin\Win32_i86;C:\Windows\system32;C:\Windows;C:\Windows\System32\Wbem;C:\Program Files\PharosSystems\OutputManagement;C:\Program Files\PharosSystems\Core;C:\Program Files\TortoiseSVN\bin
USERNAME=Kyle
OS=Windows_NT
PROCESSOR_IDENTIFIER=x86 Family 6 Model 23 Stepping 6, GenuineIntel



---------------  S Y S T E M  ---------------

OS: Windows Vista Build 6002 Service Pack 2

CPU:total 2 (2 cores per cpu, 1 threads per core) family 6 model 23 stepping 6, cmov, cx8, fxsr, mmx, sse, sse2, sse3, ssse3, sse4.1

Memory: 4k page, physical 2021848k(457372k free), swap 4294592k(2255016k free)

vm_info: Java HotSpot(TM) Client VM (20.0-b11) for windows-x86 JRE (1.6.0_25-b06), built on Apr 14 2011 01:04:32 by "java_re" with MS VC++ 7.1 (VS2003)

time: Mon Dec 05 12:14:04 2011
elapsed time: 5 seconds

