#
# A fatal error has been detected by the Java Runtime Environment:
#
#  EXCEPTION_ACCESS_VIOLATION (0xc0000005) at pc=0x000007feeed052b8, pid=7716, tid=8076
#
# JRE version: 6.0_25-b06
# Java VM: Java HotSpot(TM) 64-Bit Server VM (20.0-b11 mixed mode windows-amd64 compressed oops)
# Problematic frame:
# C  [baslera311x64.dll+0xe52b8]
#
# If you would like to submit a bug report, please visit:
#   http://java.sun.com/webapps/bugreport/crash.jsp
# The crash happened outside the Java Virtual Machine in native code.
# See problematic frame for where to report the bug.
#

---------------  T H R E A D  ---------------

Current thread (0x0000000006baf000):  JavaThread "Thread-3" [_thread_in_native, id=8076, stack(0x000000000eba0000,0x000000000eca0000)]

siginfo: ExceptionCode=0xc0000005, reading address 0xffffffffffffffff

Registers:
RAX=0xdddddddddddddddd, RBX=0x0000000000339e50, RCX=0x000000000033b438, RDX=0x0000000000000000
RSP=0x000000000ec948a0, RBP=0x000000000ec9f2a0, RSI=0x000000000033b130, RDI=0x000007feef10c060
R8 =0x0000000000001003, R9 =0x0000000000001003, R10=0x0000000077ad7c50, R11=0x0000000000376930
R12=0x000007fffffdf000, R13=0x000007fffff8a000, R14=0x0000000077ad7be0, R15=0x0000000077ad2670
RIP=0x000007feeed052b8, EFLAGS=0x0000000000010286

Top of Stack: (sp=0x000000000ec948a0)
0x000000000ec948a0:   000000000033b438 00000000002f1320
0x000000000ec948b0:   000007feef4f1480 000007feeecf7573
0x000000000ec948c0:   dddddddddddddddd 0000000000000001
0x000000000ec948d0:   00000000002f1320 000007feeed05093
0x000000000ec948e0:   000000000033b438 000007feeecf3a53
0x000000000ec948f0:   000000000033b438 fffffffffffffffe
0x000000000ec94900:   0000000000001003 fffffffffffffffe
0x000000000ec94910:   00000000003768e0 000007feeed05206
0x000000000ec94920:   000000000033b438 000007fe00001003
0x000000000ec94930:   000007feef352292 0000000007687f8e
0x000000000ec94940:   0000000000376920 000007feeed054dd
0x000000000ec94950:   0000100300000000 00000000ef352290
0x000000000ec94960:   00000000002f1320 000007feeecf119a
0x000000000ec94970:   0000000077ad7be0 000007feeed04f4f
0x000000000ec94980:   000000000033b438 000000000ec94a28
0x000000000ec94990:   0000000000000000 0000000000000000 

Instructions: (pc=0x000007feeed052b8)
0x000007feeed05298:   38 48 8b 4c 24 40 e8 cd e4 fe ff 48 8b 00 48 89
0x000007feeed052a8:   44 24 20 48 83 7c 24 20 00 74 17 48 8b 44 24 20
0x000007feeed052b8:   48 8b 00 48 8b 4c 24 20 ff 50 20 48 89 44 24 28
0x000007feeed052c8:   eb 09 48 c7 44 24 28 00 00 00 00 48 8b 44 24 28 


Register to memory mapping:

RAX=0xdddddddddddddddd is an unknown value
RBX=0x0000000000339e50 is an unknown value
RCX=0x000000000033b438 is an unknown value
RDX=0x0000000000000000 is an unknown value
RSP=0x000000000ec948a0 is pointing into the stack for thread: 0x0000000006baf000
RBP=0x000000000ec9f2a0 is pointing into the stack for thread: 0x0000000006baf000
RSI=0x000000000033b130 is an unknown value
RDI=0x000007feef10c060 is an unknown value
R8 =0x0000000000001003 is an unknown value
R9 =0x0000000000001003 is an unknown value
R10=0x0000000077ad7c50 is an unknown value
R11=0x0000000000376930 is an unknown value
R12=0x000007fffffdf000 is an unknown value
R13=0x000007fffff8a000 is an unknown value
R14=0x0000000077ad7be0 is an unknown value
R15=0x0000000077ad2670 is an unknown value


Stack: [0x000000000eba0000,0x000000000eca0000],  sp=0x000000000ec948a0,  free space=978k
Native frames: (J=compiled Java code, j=interpreted, Vv=VM code, C=native code)
C  [baslera311x64.dll+0xe52b8]  ATL::CSimpleStringT<wchar_t,0>::GetManager+0x28

Java frames: (J=compiled Java code, j=interpreted, Vv=VM code)
j  edu.byui.PET.camera.BaslerA311JNI.getCameraData(JJ)[B+0
j  edu.byui.PET.camera.BaslerA311JNI.retrieveData()Z+43
j  edu.byui.PET.camera.PETCamera.captureImage()Z+1
j  edu.byui.PET.images.CameraImagePanel.capture()V+4
j  edu.byui.PET.camera.JNICameraTest$Refresher.run()V+12
j  java.lang.Thread.run()V+11
v  ~StubRoutines::call_stub

---------------  P R O C E S S  ---------------

Java Threads: ( => current thread )
  0x0000000006bca800 JavaThread "D3D Screen Updater" daemon [_thread_blocked, id=7584, stack(0x000000000f0a0000,0x000000000f1a0000)]
  0x00000000005bc000 JavaThread "DestroyJavaVM" [_thread_blocked, id=704, stack(0x0000000001fb0000,0x00000000020b0000)]
  0x0000000006bc6000 JavaThread "TimerQueue" daemon [_thread_blocked, id=6524, stack(0x000000000efa0000,0x000000000f0a0000)]
  0x0000000006baf800 JavaThread "AWT-EventQueue-0" [_thread_blocked, id=5952, stack(0x000000000eca0000,0x000000000eda0000)]
=>0x0000000006baf000 JavaThread "Thread-3" [_thread_in_native, id=8076, stack(0x000000000eba0000,0x000000000eca0000)]
  0x0000000006368000 JavaThread "AWT-Windows" daemon [_thread_in_native, id=7672, stack(0x000000000c620000,0x000000000c720000)]
  0x0000000006367800 JavaThread "AWT-Shutdown" [_thread_blocked, id=7028, stack(0x000000000c520000,0x000000000c620000)]
  0x0000000006c37000 JavaThread "Java2D Disposer" daemon [_thread_blocked, id=7268, stack(0x000000000c420000,0x000000000c520000)]
  0x00000000061ec000 JavaThread "Low Memory Detector" daemon [_thread_blocked, id=7020, stack(0x0000000006780000,0x0000000006880000)]
  0x00000000061e1000 JavaThread "C2 CompilerThread1" daemon [_thread_blocked, id=2344, stack(0x0000000006680000,0x0000000006780000)]
  0x00000000061dc000 JavaThread "C2 CompilerThread0" daemon [_thread_blocked, id=6708, stack(0x0000000006580000,0x0000000006680000)]
  0x00000000061d8800 JavaThread "Attach Listener" daemon [_thread_blocked, id=2884, stack(0x0000000006480000,0x0000000006580000)]
  0x00000000061d1000 JavaThread "Signal Dispatcher" daemon [_thread_blocked, id=2720, stack(0x0000000006380000,0x0000000006480000)]
  0x00000000002c7000 JavaThread "Finalizer" daemon [_thread_blocked, id=7136, stack(0x0000000006080000,0x0000000006180000)]
  0x00000000002c5800 JavaThread "Reference Handler" daemon [_thread_blocked, id=840, stack(0x0000000005f80000,0x0000000006080000)]

Other Threads:
  0x00000000002bd000 VMThread [stack: 0x0000000005e80000,0x0000000005f80000] [id=6588]
  0x00000000061fd000 WatcherThread [stack: 0x0000000006880000,0x0000000006980000] [id=5776]

VM state:not at safepoint (normal execution)

VM Mutex/Monitor currently owned by a thread: None

Heap
 PSYoungGen      total 14848K, used 14676K [0x00000000eae00000, 0x00000000ebf30000, 0x0000000100000000)
  eden space 13376K, 99% used [0x00000000eae00000,0x00000000ebaf1148,0x00000000ebb10000)
  from space 1472K, 96% used [0x00000000ebb50000,0x00000000ebcb42a0,0x00000000ebcc0000)
  to   space 2112K, 0% used [0x00000000ebd20000,0x00000000ebd20000,0x00000000ebf30000)
 PSOldGen        total 43264K, used 4224K [0x00000000c0a00000, 0x00000000c3440000, 0x00000000eae00000)
  object space 43264K, 9% used [0x00000000c0a00000,0x00000000c0e20168,0x00000000c3440000)
 PSPermGen       total 21248K, used 10185K [0x00000000bb800000, 0x00000000bccc0000, 0x00000000c0a00000)
  object space 21248K, 47% used [0x00000000bb800000,0x00000000bc1f24b8,0x00000000bccc0000)

Code Cache  [0x00000000020b0000, 0x0000000002320000, 0x00000000050b0000)
 total_blobs=393 nmethods=17 adapters=330 free_code_cache=49805376 largest_free_block=6784

Dynamic libraries:
0x0000000000400000 - 0x000000000042e000 	C:\Program Files\Java\jdk1.6.0_25\jre\bin\java.exe
0x00000000779a0000 - 0x0000000077b49000 	C:\Windows\SYSTEM32\ntdll.dll
0x00000000772c0000 - 0x00000000773df000 	C:\Windows\system32\kernel32.dll
0x000007fefe160000 - 0x000007fefe1cc000 	C:\Windows\system32\KERNELBASE.dll
0x000007fefe540000 - 0x000007fefe61b000 	C:\Windows\system32\ADVAPI32.dll
0x000007fefe670000 - 0x000007fefe70f000 	C:\Windows\system32\msvcrt.dll
0x000007feffa50000 - 0x000007feffa6f000 	C:\Windows\SYSTEM32\sechost.dll
0x000007fefe8b0000 - 0x000007fefe9dd000 	C:\Windows\system32\RPCRT4.dll
0x000000006d890000 - 0x000000006e048000 	C:\Program Files\Java\jdk1.6.0_25\jre\bin\server\jvm.dll
0x00000000778a0000 - 0x000000007799a000 	C:\Windows\system32\USER32.dll
0x000007fefe9e0000 - 0x000007fefea47000 	C:\Windows\system32\GDI32.dll
0x000007fefea50000 - 0x000007fefea5e000 	C:\Windows\system32\LPK.dll
0x000007fefe7e0000 - 0x000007fefe8a9000 	C:\Windows\system32\USP10.dll
0x000007fefc370000 - 0x000007fefc3ab000 	C:\Windows\system32\WINMM.dll
0x000007fefe7b0000 - 0x000007fefe7de000 	C:\Windows\system32\IMM32.DLL
0x000007fefe430000 - 0x000007fefe539000 	C:\Windows\system32\MSCTF.dll
0x000000006d800000 - 0x000000006d80e000 	C:\Program Files\Java\jdk1.6.0_25\jre\bin\verify.dll
0x000000006d450000 - 0x000000006d477000 	C:\Program Files\Java\jdk1.6.0_25\jre\bin\java.dll
0x0000000077b70000 - 0x0000000077b77000 	C:\Windows\system32\PSAPI.DLL
0x000000006d850000 - 0x000000006d862000 	C:\Program Files\Java\jdk1.6.0_25\jre\bin\zip.dll
0x000000006d0a0000 - 0x000000006d263000 	C:\Program Files\Java\jdk1.6.0_25\jre\bin\awt.dll
0x000007fef9d80000 - 0x000007fef9df1000 	C:\Windows\system32\WINSPOOL.DRV
0x000007feffaa0000 - 0x000007feffca3000 	C:\Windows\system32\ole32.dll
0x000007fefea60000 - 0x000007feff7e8000 	C:\Windows\system32\SHELL32.dll
0x000007fefe1d0000 - 0x000007fefe241000 	C:\Windows\system32\SHLWAPI.dll
0x000007fefca10000 - 0x000007fefcc04000 	C:\Windows\WinSxS\amd64_microsoft.windows.common-controls_6595b64144ccf1df_6.0.7601.17514_none_fa396087175ac9ac\COMCTL32.dll
0x000007feeec20000 - 0x000007feef58a000 	C:\Users\brogers3\AppData\Local\Temp\.petlibs\baslera311x64.dll
0x0000000180000000 - 0x00000001801fe000 	C:\Program Files\Basler\pylon 2.3\pylon\bin\x64\PylonBase_MDd_VC80.dll
0x0000000013000000 - 0x0000000013499000 	C:\Program Files\Basler\pylon 2.3\pylon\bin\x64\xerces-c_MDd_VC80_v2_7.dll
0x000007fefe620000 - 0x000007fefe66d000 	C:\Windows\system32\WS2_32.dll
0x000007feffa90000 - 0x000007feffa98000 	C:\Windows\system32\NSI.dll
0x00000000629d0000 - 0x0000000062b1d000 	C:\Windows\WinSxS\amd64_microsoft.vc80.debugcrt_1fc8b3b9a1e18e3b_8.0.50727.762_none_dd1b6abf43c3c735\MSVCR80D.dll
0x00000000604d0000 - 0x000000006062b000 	C:\Windows\WinSxS\amd64_microsoft.vc80.debugcrt_1fc8b3b9a1e18e3b_8.0.50727.762_none_dd1b6abf43c3c735\MSVCP80D.dll
0x0000000006a60000 - 0x0000000006a94000 	C:\Program Files\Basler\pylon 2.3\genicam\Bin\Win64_x64\GCBase_MDd_VC80_v2_0.dll
0x0000000006f20000 - 0x000000000728b000 	C:\Program Files\Basler\pylon 2.3\genicam\Bin\Win64_x64\GenApi_MDd_VC80_v2_0.dll
0x0000000006ac0000 - 0x0000000006b03000 	C:\Program Files\Basler\pylon 2.3\genicam\Bin\Win64_x64\MathParser_MDd_VC80_v2_0.dll
0x00000000072a0000 - 0x000000000738e000 	C:\Program Files\Basler\pylon 2.3\genicam\Bin\Win64_x64\log4cpp_MDd_VC80_v2_0.dll
0x00000000073a0000 - 0x00000000073b1000 	C:\Program Files\Basler\pylon 2.3\genicam\Bin\Win64_x64\Log_MDd_VC80_v2_0.dll
0x000007fefc6d0000 - 0x000007fefc6d7000 	C:\Windows\system32\MSIMG32.dll
0x000007fefe710000 - 0x000007fefe7a7000 	C:\Windows\system32\COMDLG32.dll
0x000007feff970000 - 0x000007feffa47000 	C:\Windows\system32\OLEAUT32.dll
0x000007fefb6c0000 - 0x000007fefb6e3000 	C:\Windows\system32\oledlg.dll
0x000007fef8a90000 - 0x000007fef8ae4000 	C:\Windows\system32\OLEACC.dll
0x000007fef6490000 - 0x000007fef66a5000 	C:\Windows\WinSxS\amd64_microsoft.windows.gdiplus_6595b64144ccf1df_1.1.7601.17514_none_2b24536c71ed437a\gdiplus.dll
0x000007fefde00000 - 0x000007fefde0f000 	C:\Windows\system32\profapi.dll
0x000007fefc9b0000 - 0x000007fefca06000 	C:\Windows\system32\UxTheme.dll
0x000007fefc450000 - 0x000007fefc468000 	C:\Windows\system32\dwmapi.dll
0x0000000008320000 - 0x000000000843f000 	C:\Program Files\Basler\pylon 2.3\pylon\bin\x64\Pylon1394_MDd_VC80.dll
0x000007fefd900000 - 0x000007fefd90c000 	C:\Windows\system32\VERSION.dll
0x000007fefe250000 - 0x000007fefe427000 	C:\Windows\system32\SETUPAPI.dll
0x000007fefdfb0000 - 0x000007fefdfe6000 	C:\Windows\system32\CFGMGR32.dll
0x000007fefdf90000 - 0x000007fefdfaa000 	C:\Windows\system32\DEVOBJ.dll
0x0000000007c90000 - 0x0000000007d24000 	C:\Program Files\Basler\pylon 2.3\pylon\bin\x64\PylonCLSer_MDd_VC80.dll
0x0000000007610000 - 0x000000000765c000 	C:\Program Files\Basler\pylon 2.3\genicam\bin\Win64_x64\CLProtocol_MDd_VC80_v2_0.dll
0x0000000008840000 - 0x0000000008a34000 	C:\Program Files\Basler\pylon 2.3\pylon\bin\x64\PylonGigE_MDd_VC80.dll
0x0000000072e70000 - 0x0000000072e88000 	C:\Program Files\Basler\pylon 2.3\pylon\bin\x64\gxapi.dll
0x000007fefb670000 - 0x000007fefb697000 	C:\Windows\system32\iphlpapi.dll
0x000007fefb660000 - 0x000007fefb66b000 	C:\Windows\system32\WINNSI.DLL
0x000007fefdeb0000 - 0x000007fefdeea000 	C:\Windows\system32\WINTRUST.dll
0x000007fefdff0000 - 0x000007fefe157000 	C:\Windows\system32\CRYPT32.dll
0x000007fefdea0000 - 0x000007fefdeaf000 	C:\Windows\system32\MSASN1.dll
0x0000000010000000 - 0x0000000010005000 	C:\Program Files\Basler\pylon 2.3\pylon\bin\x64\bcamerror.dll
0x0000000007d30000 - 0x0000000007d69000 	C:\Program Files\Basler\pylon 2.3\genicam\Bin\Win64_x64\GenApi\Generic\XMLLoader_MDd_VC80_v2_0.dll
0x0000000008f20000 - 0x00000000091ba000 	C:\Program Files\Basler\pylon 2.3\genicam\Bin\Win64_x64\GenApi\Generic\xerces-c_MD_VC80_v2_7.dll
0x0000000075070000 - 0x0000000075139000 	C:\Windows\WinSxS\amd64_microsoft.vc80.crt_1fc8b3b9a1e18e3b_8.0.50727.6195_none_88e41e092fab0294\MSVCR80.dll
0x00000000091c0000 - 0x0000000009649000 	C:\Program Files\Basler\pylon 2.3\genicam\Bin\Win64_x64\GenApi\Generic\Xalan-C_MD_VC80_v1_10.dll
0x0000000013800000 - 0x000000001380c000 	C:\Program Files\Basler\pylon 2.3\genicam\Bin\Win64_x64\GenApi\Generic\XalanMessages_MD_VC80_v1_10.dll
0x0000000075140000 - 0x0000000075249000 	C:\Windows\WinSxS\amd64_microsoft.vc80.crt_1fc8b3b9a1e18e3b_8.0.50727.6195_none_88e41e092fab0294\MSVCP80.dll
0x000007fefdd30000 - 0x000007fefdd3f000 	C:\Windows\system32\CRYPTBASE.dll
0x000000006d340000 - 0x000000006d3a6000 	C:\Program Files\Java\jdk1.6.0_25\jre\bin\fontmanager.dll
0x000007fef1290000 - 0x000007fef148f000 	C:\Windows\system32\d3d9.dll
0x000007fefc0d0000 - 0x000007fefc0d7000 	C:\Windows\system32\d3d8thk.dll
0x000007feed340000 - 0x000007feedfa5000 	C:\Windows\system32\nvd3dumx.dll
0x000007fefbd50000 - 0x000007fefbd7c000 	C:\Windows\system32\powrprof.dll
0x000000006d6a0000 - 0x000000006d6b7000 	C:\Program Files\Java\jdk1.6.0_25\jre\bin\net.dll
0x000007fefd610000 - 0x000007fefd665000 	C:\Windows\system32\mswsock.dll
0x000007fefd600000 - 0x000007fefd607000 	C:\Windows\System32\wship6.dll
0x000000006d6c0000 - 0x000000006d6cb000 	C:\Program Files\Java\jdk1.6.0_25\jre\bin\nio.dll
0x000007fef7e30000 - 0x000007fef7f55000 	C:\Windows\system32\dbghelp.dll

VM Arguments:
jvm_args: -Dfile.encoding=UTF-8 
java_command: edu.byui.PET.camera.JNICameraTest
Launcher Type: SUN_STANDARD

Environment Variables:
CLASSPATH=.;C:\Program Files (x86)\Java\jre6\lib\ext\QTJava.zip
PATH=C:\Program Files\Basler\pylon 2.3\pylon\bin\x64;C:\Program Files\Basler\pylon 2.3\genicam\bin\Win64_x64;C:\Program Files\Basler\pylon 2.3\pylon\bin\x64;C:\Program Files\Basler\pylon 2.3\pylon\bin\Win32;C:\Program Files\Basler\pylon 2.3\genicam\Bin\Win64_x64;C:\Program Files\Basler\pylon 2.3\genicam\Bin\Win32_i86;C:\Windows\system32;C:\Windows;C:\Windows\System32\Wbem;C:\Windows\System32\WindowsPowerShell\v1.0\;C:\Program Files\Intel\DMIX;C:\Windows\System32\Windows System Resource Manager\bin;C:\Windows\idmu\common;C:\Program Files (x86)\QuickTime\QTSystem\;C:\Program Files\MATLAB\R2011a\runtime\win64;C:\Program Files\MATLAB\R2011a\bin;C:\Program Files (x86)\IVI Foundation\IVI\bin;C:\Program Files\IVI Foundation\IVI\bin;C:\Program Files\IVI Foundation\VISA\Win64\Bin\;C:\Program Files (x86)\IVI Foundation\VISA\WinNT\Bin\;C:\Program Files (x86)\IVI Foundation\VISA\WinNT\Bin;C:\Program Files (x86)\National Instruments\Motion Assistant\bin\mxwplugins;c:\Program Files (x86)\Microsoft SQL Server\100\Tools\Binn\;c:\Program Files\Microsoft SQL Server\100\Tools\Binn\;c:\Program Files\Microsoft SQL Server\100\DTS\Binn\
USERNAME=brogers3
OS=Windows_NT
PROCESSOR_IDENTIFIER=Intel64 Family 6 Model 42 Stepping 7, GenuineIntel



---------------  S Y S T E M  ---------------

OS: Windows 7 Build 7601 Service Pack 1

CPU:total 4 (4 cores per cpu, 1 threads per core) family 6 model 42 stepping 7, cmov, cx8, fxsr, mmx, sse, sse2, sse3, ssse3, sse4.1, sse4.2, popcnt

Memory: 4k page, physical 4151328k(1337516k free), swap 7221480k(3850276k free)

vm_info: Java HotSpot(TM) 64-Bit Server VM (20.0-b11) for windows-amd64 JRE (1.6.0_25-b06), built on Apr 14 2011 00:44:38 by "java_re" with MS VC++ 8.0 (VS2005)

time: Fri Dec 09 19:45:23 2011
elapsed time: 6 seconds

