#
# A fatal error has been detected by the Java Runtime Environment:
#
#  EXCEPTION_ACCESS_VIOLATION (0xc0000005) at pc=0x000007feef3052b8, pid=7332, tid=5208
#
# JRE version: 6.0_25-b06
# Java VM: Java HotSpot(TM) 64-Bit Server VM (20.0-b11 mixed mode windows-amd64 compressed oops)
# Problematic frame:
# C  [baslera311x64.dll+0xe52b8]
#
# If you would like to submit a bug report, please visit:
#   http://java.sun.com/webapps/bugreport/crash.jsp
# The crash happened outside the Java Virtual Machine in native code.
# See problematic frame for where to report the bug.
#

---------------  T H R E A D  ---------------

Current thread (0x0000000006386000):  JavaThread "AWT-EventQueue-0" [_thread_in_native, id=5208, stack(0x0000000006f80000,0x0000000007080000)]

siginfo: ExceptionCode=0xc0000005, reading address 0xffffffffffffffff

Registers:
RAX=0xdddddddddddddddd, RBX=0x000000000033b1c0, RCX=0x0000000000373d78, RDX=0x0000000000000000
RSP=0x0000000007077460, RBP=0x000000000707d7c0, RSI=0x0000000000373a70, RDI=0x000007feef70c060
R8 =0x0000000000001003, R9 =0x0000000000001003, R10=0x0000000077ad7c50, R11=0x00000000002f1660
R12=0x000007fffffd9000, R13=0x000007fffff96000, R14=0x0000000077ad7be0, R15=0x0000000077ad2670
RIP=0x000007feef3052b8, EFLAGS=0x0000000000010286

Top of Stack: (sp=0x0000000007077460)
0x0000000007077460:   0000000000373d78 000000000039d1f0
0x0000000007077470:   000007feefaf1480 000007feef2f7573
0x0000000007077480:   dddddddddddddddd 0000000000000001
0x0000000007077490:   000000000039d1f0 000007feef305093
0x00000000070774a0:   0000000000373d78 000007feef2f3a53
0x00000000070774b0:   0000000000373d78 fffffffffffffffe
0x00000000070774c0:   0000000000001003 fffffffffffffffe
0x00000000070774d0:   00000000002f1690 000007feef305206
0x00000000070774e0:   0000000000373d78 000007fe00001003
0x00000000070774f0:   000007feef952292 000000000d537f7e
0x0000000007077500:   00000000002f1650 000007feef3054dd
0x0000000007077510:   0000100300000000 00000000ef952290
0x0000000007077520:   000000000039d1f0 000007feef2f119a
0x0000000007077530:   0000000077ad7be0 000007feef304f4f
0x0000000007077540:   0000000000373d78 00000000070775e8
0x0000000007077550:   0000000000000000 0000000000000000 

Instructions: (pc=0x000007feef3052b8)
0x000007feef305298:   38 48 8b 4c 24 40 e8 cd e4 fe ff 48 8b 00 48 89
0x000007feef3052a8:   44 24 20 48 83 7c 24 20 00 74 17 48 8b 44 24 20
0x000007feef3052b8:   48 8b 00 48 8b 4c 24 20 ff 50 20 48 89 44 24 28
0x000007feef3052c8:   eb 09 48 c7 44 24 28 00 00 00 00 48 8b 44 24 28 


Register to memory mapping:

RAX=0xdddddddddddddddd is an unknown value
RBX=0x000000000033b1c0 is an unknown value
RCX=0x0000000000373d78 is an unknown value
RDX=0x0000000000000000 is an unknown value
RSP=0x0000000007077460 is pointing into the stack for thread: 0x0000000006386000
RBP=0x000000000707d7c0 is pointing into the stack for thread: 0x0000000006386000
RSI=0x0000000000373a70 is an unknown value
RDI=0x000007feef70c060 is an unknown value
R8 =0x0000000000001003 is an unknown value
R9 =0x0000000000001003 is an unknown value
R10=0x0000000077ad7c50 is an unknown value
R11=0x00000000002f1660 is an unknown value
R12=0x000007fffffd9000 is an unknown value
R13=0x000007fffff96000 is an unknown value
R14=0x0000000077ad7be0 is an unknown value
R15=0x0000000077ad2670 is an unknown value


Stack: [0x0000000006f80000,0x0000000007080000],  sp=0x0000000007077460,  free space=989k
Native frames: (J=compiled Java code, j=interpreted, Vv=VM code, C=native code)
C  [baslera311x64.dll+0xe52b8]  ATL::CSimpleStringT<wchar_t,0>::GetManager+0x28

Java frames: (J=compiled Java code, j=interpreted, Vv=VM code)
j  edu.byui.PET.camera.BaslerA311JNI.createCamera()J+0
j  edu.byui.PET.camera.BaslerA311JNI.<init>(Ledu/byui/PET/camera/Configuration;)V+7
j  edu.byui.PET.PETAPPView.carPanelMouseClicked(Ljava/awt/event/MouseEvent;)V+44
j  edu.byui.PET.PETAPPView.access$100(Ledu/byui/PET/PETAPPView;Ljava/awt/event/MouseEvent;)V+2
j  edu.byui.PET.PETAPPView$2.mouseClicked(Ljava/awt/event/MouseEvent;)V+5
j  java.awt.Component.processMouseEvent(Ljava/awt/event/MouseEvent;)V+74
j  javax.swing.JComponent.processMouseEvent(Ljava/awt/event/MouseEvent;)V+23
j  java.awt.Component.processEvent(Ljava/awt/AWTEvent;)V+81
j  java.awt.Container.processEvent(Ljava/awt/AWTEvent;)V+18
j  java.awt.Component.dispatchEventImpl(Ljava/awt/AWTEvent;)V+566
j  java.awt.Container.dispatchEventImpl(Ljava/awt/AWTEvent;)V+42
j  java.awt.Component.dispatchEvent(Ljava/awt/AWTEvent;)V+2
j  java.awt.LightweightDispatcher.retargetMouseEvent(Ljava/awt/Component;ILjava/awt/event/MouseEvent;)V+320
j  java.awt.LightweightDispatcher.processMouseEvent(Ljava/awt/event/MouseEvent;)Z+157
j  java.awt.LightweightDispatcher.dispatchEvent(Ljava/awt/AWTEvent;)Z+50
j  java.awt.Container.dispatchEventImpl(Ljava/awt/AWTEvent;)V+12
j  java.awt.Window.dispatchEventImpl(Ljava/awt/AWTEvent;)V+19
j  java.awt.Component.dispatchEvent(Ljava/awt/AWTEvent;)V+2
j  java.awt.EventQueue.dispatchEventImpl(Ljava/awt/AWTEvent;Ljava/lang/Object;)V+41
j  java.awt.EventQueue.access$000(Ljava/awt/EventQueue;Ljava/awt/AWTEvent;Ljava/lang/Object;)V+3
j  java.awt.EventQueue$1.run()Ljava/lang/Void;+12
j  java.awt.EventQueue$1.run()Ljava/lang/Object;+1
v  ~StubRoutines::call_stub
j  java.security.AccessController.doPrivileged(Ljava/security/PrivilegedAction;Ljava/security/AccessControlContext;)Ljava/lang/Object;+0
j  java.security.AccessControlContext$1.doIntersectionPrivilege(Ljava/security/PrivilegedAction;Ljava/security/AccessControlContext;Ljava/security/AccessControlContext;)Ljava/lang/Object;+28
j  java.security.AccessControlContext$1.doIntersectionPrivilege(Ljava/security/PrivilegedAction;Ljava/security/AccessControlContext;)Ljava/lang/Object;+6
j  java.awt.EventQueue$2.run()Ljava/lang/Void;+11
j  java.awt.EventQueue$2.run()Ljava/lang/Object;+1
v  ~StubRoutines::call_stub
j  java.security.AccessController.doPrivileged(Ljava/security/PrivilegedAction;Ljava/security/AccessControlContext;)Ljava/lang/Object;+0
j  java.security.AccessControlContext$1.doIntersectionPrivilege(Ljava/security/PrivilegedAction;Ljava/security/AccessControlContext;Ljava/security/AccessControlContext;)Ljava/lang/Object;+28
j  java.awt.EventQueue.dispatchEvent(Ljava/awt/AWTEvent;)V+73
j  java.awt.EventDispatchThread.pumpOneEventForFilters(I)Z+204
j  java.awt.EventDispatchThread.pumpEventsForFilter(ILjava/awt/Conditional;Ljava/awt/EventFilter;)V+30
j  java.awt.EventDispatchThread.pumpEventsForHierarchy(ILjava/awt/Conditional;Ljava/awt/Component;)V+11
j  java.awt.EventDispatchThread.pumpEvents(ILjava/awt/Conditional;)V+4
j  java.awt.EventDispatchThread.pumpEvents(Ljava/awt/Conditional;)V+3
j  java.awt.EventDispatchThread.run()V+9
v  ~StubRoutines::call_stub

---------------  P R O C E S S  ---------------

Java Threads: ( => current thread )
  0x0000000007433800 JavaThread "D3D Screen Updater" daemon [_thread_blocked, id=5828, stack(0x000000000b980000,0x000000000ba80000)]
  0x000000000718e000 JavaThread "TimerQueue" daemon [_thread_blocked, id=7588, stack(0x000000000a500000,0x000000000a600000)]
  0x000000000023c000 JavaThread "DestroyJavaVM" [_thread_blocked, id=7720, stack(0x0000000002080000,0x0000000002180000)]
=>0x0000000006386000 JavaThread "AWT-EventQueue-0" [_thread_in_native, id=5208, stack(0x0000000006f80000,0x0000000007080000)]
  0x00000000062df800 JavaThread "AWT-Windows" daemon [_thread_in_native, id=7668, stack(0x0000000006e80000,0x0000000006f80000)]
  0x00000000062df000 JavaThread "AWT-Shutdown" [_thread_blocked, id=1640, stack(0x0000000006d80000,0x0000000006e80000)]
  0x00000000062db800 JavaThread "Java2D Disposer" daemon [_thread_blocked, id=4808, stack(0x0000000006c80000,0x0000000006d80000)]
  0x000000000629c000 JavaThread "Low Memory Detector" daemon [_thread_blocked, id=820, stack(0x0000000006820000,0x0000000006920000)]
  0x000000000628f800 JavaThread "C2 CompilerThread1" daemon [_thread_blocked, id=7256, stack(0x0000000006720000,0x0000000006820000)]
  0x000000000627c000 JavaThread "C2 CompilerThread0" daemon [_thread_blocked, id=6804, stack(0x0000000006620000,0x0000000006720000)]
  0x0000000006278800 JavaThread "Attach Listener" daemon [_thread_blocked, id=7864, stack(0x0000000006520000,0x0000000006620000)]
  0x0000000006273800 JavaThread "Signal Dispatcher" daemon [_thread_blocked, id=7288, stack(0x0000000006420000,0x0000000006520000)]
  0x000000000052b800 JavaThread "Finalizer" daemon [_thread_blocked, id=6624, stack(0x0000000006120000,0x0000000006220000)]
  0x000000000052a800 JavaThread "Reference Handler" daemon [_thread_blocked, id=5596, stack(0x0000000006020000,0x0000000006120000)]

Other Threads:
  0x0000000000522800 VMThread [stack: 0x0000000005f20000,0x0000000006020000] [id=5480]
  0x00000000062ad800 WatcherThread [stack: 0x0000000006920000,0x0000000006a20000] [id=6168]

VM state:not at safepoint (normal execution)

VM Mutex/Monitor currently owned by a thread: None

Heap
 PSYoungGen      total 18944K, used 11499K [0x00000000eae00000, 0x00000000ec320000, 0x0000000100000000)
  eden space 16256K, 57% used [0x00000000eae00000,0x00000000eb72ed78,0x00000000ebde0000)
  from space 2688K, 77% used [0x00000000ebde0000,0x00000000ebfec040,0x00000000ec080000)
  to   space 2688K, 0% used [0x00000000ec080000,0x00000000ec080000,0x00000000ec320000)
 PSOldGen        total 43264K, used 0K [0x00000000c0a00000, 0x00000000c3440000, 0x00000000eae00000)
  object space 43264K, 0% used [0x00000000c0a00000,0x00000000c0a00000,0x00000000c3440000)
 PSPermGen       total 21248K, used 16299K [0x00000000bb800000, 0x00000000bccc0000, 0x00000000c0a00000)
  object space 21248K, 76% used [0x00000000bb800000,0x00000000bc7eadd8,0x00000000bccc0000)

Code Cache  [0x0000000002180000, 0x00000000023f0000, 0x0000000005180000)
 total_blobs=543 nmethods=127 adapters=369 free_code_cache=49576768 largest_free_block=6720

Dynamic libraries:
0x0000000000400000 - 0x000000000042e000 	C:\Program Files\Java\jdk1.6.0_25\jre\bin\java.exe
0x00000000779a0000 - 0x0000000077b49000 	C:\Windows\SYSTEM32\ntdll.dll
0x00000000772c0000 - 0x00000000773df000 	C:\Windows\system32\kernel32.dll
0x000007fefe160000 - 0x000007fefe1cc000 	C:\Windows\system32\KERNELBASE.dll
0x000007fefe540000 - 0x000007fefe61b000 	C:\Windows\system32\ADVAPI32.dll
0x000007fefe670000 - 0x000007fefe70f000 	C:\Windows\system32\msvcrt.dll
0x000007feffa50000 - 0x000007feffa6f000 	C:\Windows\SYSTEM32\sechost.dll
0x000007fefe8b0000 - 0x000007fefe9dd000 	C:\Windows\system32\RPCRT4.dll
0x000000006d890000 - 0x000000006e048000 	C:\Program Files\Java\jdk1.6.0_25\jre\bin\server\jvm.dll
0x00000000778a0000 - 0x000000007799a000 	C:\Windows\system32\USER32.dll
0x000007fefe9e0000 - 0x000007fefea47000 	C:\Windows\system32\GDI32.dll
0x000007fefea50000 - 0x000007fefea5e000 	C:\Windows\system32\LPK.dll
0x000007fefe7e0000 - 0x000007fefe8a9000 	C:\Windows\system32\USP10.dll
0x000007fefc370000 - 0x000007fefc3ab000 	C:\Windows\system32\WINMM.dll
0x000007fefe7b0000 - 0x000007fefe7de000 	C:\Windows\system32\IMM32.DLL
0x000007fefe430000 - 0x000007fefe539000 	C:\Windows\system32\MSCTF.dll
0x000000006d800000 - 0x000000006d80e000 	C:\Program Files\Java\jdk1.6.0_25\jre\bin\verify.dll
0x000000006d450000 - 0x000000006d477000 	C:\Program Files\Java\jdk1.6.0_25\jre\bin\java.dll
0x0000000077b70000 - 0x0000000077b77000 	C:\Windows\system32\PSAPI.DLL
0x000000006d850000 - 0x000000006d862000 	C:\Program Files\Java\jdk1.6.0_25\jre\bin\zip.dll
0x000000006d0a0000 - 0x000000006d263000 	C:\Program Files\Java\jdk1.6.0_25\jre\bin\awt.dll
0x000007fef9d80000 - 0x000007fef9df1000 	C:\Windows\system32\WINSPOOL.DRV
0x000007feffaa0000 - 0x000007feffca3000 	C:\Windows\system32\ole32.dll
0x000007fefea60000 - 0x000007feff7e8000 	C:\Windows\system32\SHELL32.dll
0x000007fefe1d0000 - 0x000007fefe241000 	C:\Windows\system32\SHLWAPI.dll
0x000007fefca10000 - 0x000007fefcc04000 	C:\Windows\WinSxS\amd64_microsoft.windows.common-controls_6595b64144ccf1df_6.0.7601.17514_none_fa396087175ac9ac\COMCTL32.dll
0x000007fefc450000 - 0x000007fefc468000 	C:\Windows\system32\DWMAPI.DLL
0x000007fefc9b0000 - 0x000007fefca06000 	C:\Windows\system32\uxtheme.dll
0x000007fefdd30000 - 0x000007fefdd3f000 	C:\Windows\system32\CRYPTBASE.dll
0x000000006d340000 - 0x000000006d3a6000 	C:\Program Files\Java\jdk1.6.0_25\jre\bin\fontmanager.dll
0x000007fef07f0000 - 0x000007fef09ef000 	C:\Windows\system32\d3d9.dll
0x000007fefd900000 - 0x000007fefd90c000 	C:\Windows\system32\VERSION.dll
0x000007fefce30000 - 0x000007fefce37000 	C:\Windows\system32\d3d8thk.dll
0x000007feee2b0000 - 0x000007feeef15000 	C:\Windows\system32\nvd3dumx.dll
0x000007fefbd50000 - 0x000007fefbd7c000 	C:\Windows\system32\powrprof.dll
0x000007fefe250000 - 0x000007fefe427000 	C:\Windows\system32\SETUPAPI.dll
0x000007fefdfb0000 - 0x000007fefdfe6000 	C:\Windows\system32\CFGMGR32.dll
0x000007feff970000 - 0x000007feffa47000 	C:\Windows\system32\OLEAUT32.dll
0x000007fefdf90000 - 0x000007fefdfaa000 	C:\Windows\system32\DEVOBJ.dll
0x000000006d6a0000 - 0x000000006d6b7000 	C:\Program Files\Java\jdk1.6.0_25\jre\bin\net.dll
0x000007fefe620000 - 0x000007fefe66d000 	C:\Windows\system32\WS2_32.dll
0x000007feffa90000 - 0x000007feffa98000 	C:\Windows\system32\NSI.dll
0x000007fefd610000 - 0x000007fefd665000 	C:\Windows\system32\mswsock.dll
0x000007fefd600000 - 0x000007fefd607000 	C:\Windows\System32\wship6.dll
0x000000006d6c0000 - 0x000000006d6cb000 	C:\Program Files\Java\jdk1.6.0_25\jre\bin\nio.dll
0x000000006d570000 - 0x000000006d5a5000 	C:\Program Files\Java\jdk1.6.0_25\jre\bin\jpeg.dll
0x000007feef220000 - 0x000007feefb8a000 	C:\Users\brogers3\AppData\Local\Temp\.petlibs\baslera311x64.dll
0x0000000180000000 - 0x00000001801fe000 	C:\Program Files\Basler\pylon 2.3\pylon\bin\x64\PylonBase_MDd_VC80.dll
0x0000000013000000 - 0x0000000013499000 	C:\Program Files\Basler\pylon 2.3\pylon\bin\x64\xerces-c_MDd_VC80_v2_7.dll
0x0000000072ca0000 - 0x0000000072ded000 	C:\Windows\WinSxS\amd64_microsoft.vc80.debugcrt_1fc8b3b9a1e18e3b_8.0.50727.762_none_dd1b6abf43c3c735\MSVCR80D.dll
0x0000000071970000 - 0x0000000071acb000 	C:\Windows\WinSxS\amd64_microsoft.vc80.debugcrt_1fc8b3b9a1e18e3b_8.0.50727.762_none_dd1b6abf43c3c735\MSVCP80D.dll
0x000000000a640000 - 0x000000000a674000 	C:\Program Files\Basler\pylon 2.3\genicam\Bin\Win64_x64\GCBase_MDd_VC80_v2_0.dll
0x000000000cda0000 - 0x000000000d10b000 	C:\Program Files\Basler\pylon 2.3\genicam\Bin\Win64_x64\GenApi_MDd_VC80_v2_0.dll
0x000000000d110000 - 0x000000000d153000 	C:\Program Files\Basler\pylon 2.3\genicam\Bin\Win64_x64\MathParser_MDd_VC80_v2_0.dll
0x000000000d160000 - 0x000000000d24e000 	C:\Program Files\Basler\pylon 2.3\genicam\Bin\Win64_x64\log4cpp_MDd_VC80_v2_0.dll
0x000000000d250000 - 0x000000000d261000 	C:\Program Files\Basler\pylon 2.3\genicam\Bin\Win64_x64\Log_MDd_VC80_v2_0.dll
0x000007fefc6d0000 - 0x000007fefc6d7000 	C:\Windows\system32\MSIMG32.dll
0x000007fefe710000 - 0x000007fefe7a7000 	C:\Windows\system32\COMDLG32.dll
0x000007fef7050000 - 0x000007fef7073000 	C:\Windows\system32\oledlg.dll
0x000007fef8a90000 - 0x000007fef8ae4000 	C:\Windows\system32\OLEACC.dll
0x000007fefc790000 - 0x000007fefc9a5000 	C:\Windows\WinSxS\amd64_microsoft.windows.gdiplus_6595b64144ccf1df_1.1.7601.17514_none_2b24536c71ed437a\gdiplus.dll
0x000007fefde00000 - 0x000007fefde0f000 	C:\Windows\system32\profapi.dll
0x000000000da40000 - 0x000000000db5f000 	C:\Program Files\Basler\pylon 2.3\pylon\bin\x64\Pylon1394_MDd_VC80.dll
0x000000000b890000 - 0x000000000b924000 	C:\Program Files\Basler\pylon 2.3\pylon\bin\x64\PylonCLSer_MDd_VC80.dll
0x000000000d390000 - 0x000000000d3dc000 	C:\Program Files\Basler\pylon 2.3\genicam\bin\Win64_x64\CLProtocol_MDd_VC80_v2_0.dll
0x000000000df60000 - 0x000000000e154000 	C:\Program Files\Basler\pylon 2.3\pylon\bin\x64\PylonGigE_MDd_VC80.dll
0x0000000073250000 - 0x0000000073268000 	C:\Program Files\Basler\pylon 2.3\pylon\bin\x64\gxapi.dll
0x000007fefb670000 - 0x000007fefb697000 	C:\Windows\system32\iphlpapi.dll
0x000007fefb660000 - 0x000007fefb66b000 	C:\Windows\system32\WINNSI.DLL
0x000007fefdeb0000 - 0x000007fefdeea000 	C:\Windows\system32\WINTRUST.dll
0x000007fefdff0000 - 0x000007fefe157000 	C:\Windows\system32\CRYPT32.dll
0x000007fefdea0000 - 0x000007fefdeaf000 	C:\Windows\system32\MSASN1.dll
0x0000000010000000 - 0x0000000010005000 	C:\Program Files\Basler\pylon 2.3\pylon\bin\x64\bcamerror.dll
0x000000000d3e0000 - 0x000000000d419000 	C:\Program Files\Basler\pylon 2.3\genicam\Bin\Win64_x64\GenApi\Generic\XMLLoader_MDd_VC80_v2_0.dll
0x000000000e460000 - 0x000000000e6fa000 	C:\Program Files\Basler\pylon 2.3\genicam\Bin\Win64_x64\GenApi\Generic\xerces-c_MD_VC80_v2_7.dll
0x0000000075070000 - 0x0000000075139000 	C:\Windows\WinSxS\amd64_microsoft.vc80.crt_1fc8b3b9a1e18e3b_8.0.50727.6195_none_88e41e092fab0294\MSVCR80.dll
0x000000000e700000 - 0x000000000eb89000 	C:\Program Files\Basler\pylon 2.3\genicam\Bin\Win64_x64\GenApi\Generic\Xalan-C_MD_VC80_v1_10.dll
0x0000000013800000 - 0x000000001380c000 	C:\Program Files\Basler\pylon 2.3\genicam\Bin\Win64_x64\GenApi\Generic\XalanMessages_MD_VC80_v1_10.dll
0x0000000075140000 - 0x0000000075249000 	C:\Windows\WinSxS\amd64_microsoft.vc80.crt_1fc8b3b9a1e18e3b_8.0.50727.6195_none_88e41e092fab0294\MSVCP80.dll
0x000007fef7e30000 - 0x000007fef7f55000 	C:\Windows\system32\dbghelp.dll

VM Arguments:
jvm_args: -Dfile.encoding=UTF-8 
java_command: edu.byui.PET.PETAPP
Launcher Type: SUN_STANDARD

Environment Variables:
CLASSPATH=.;C:\Program Files (x86)\Java\jre6\lib\ext\QTJava.zip
PATH=C:\Program Files\Basler\pylon 2.3\pylon\bin\x64;C:\Program Files\Basler\pylon 2.3\genicam\bin\Win64_x64;C:\Program Files\Basler\pylon 2.3\pylon\bin\x64;C:\Program Files\Basler\pylon 2.3\pylon\bin\Win32;C:\Program Files\Basler\pylon 2.3\genicam\Bin\Win64_x64;C:\Program Files\Basler\pylon 2.3\genicam\Bin\Win32_i86;C:\Windows\system32;C:\Windows;C:\Windows\System32\Wbem;C:\Windows\System32\WindowsPowerShell\v1.0\;C:\Program Files\Intel\DMIX;C:\Windows\System32\Windows System Resource Manager\bin;C:\Windows\idmu\common;C:\Program Files (x86)\QuickTime\QTSystem\;C:\Program Files\MATLAB\R2011a\runtime\win64;C:\Program Files\MATLAB\R2011a\bin;C:\Program Files (x86)\IVI Foundation\IVI\bin;C:\Program Files\IVI Foundation\IVI\bin;C:\Program Files\IVI Foundation\VISA\Win64\Bin\;C:\Program Files (x86)\IVI Foundation\VISA\WinNT\Bin\;C:\Program Files (x86)\IVI Foundation\VISA\WinNT\Bin;C:\Program Files (x86)\National Instruments\Motion Assistant\bin\mxwplugins;c:\Program Files (x86)\Microsoft SQL Server\100\Tools\Binn\;c:\Program Files\Microsoft SQL Server\100\Tools\Binn\;c:\Program Files\Microsoft SQL Server\100\DTS\Binn\
USERNAME=brogers3
OS=Windows_NT
PROCESSOR_IDENTIFIER=Intel64 Family 6 Model 42 Stepping 7, GenuineIntel



---------------  S Y S T E M  ---------------

OS: Windows 7 Build 7601 Service Pack 1

CPU:total 4 (4 cores per cpu, 1 threads per core) family 6 model 42 stepping 7, cmov, cx8, fxsr, mmx, sse, sse2, sse3, ssse3, sse4.1, sse4.2, popcnt

Memory: 4k page, physical 4151328k(1859996k free), swap 7221480k(4588356k free)

vm_info: Java HotSpot(TM) 64-Bit Server VM (20.0-b11) for windows-amd64 JRE (1.6.0_25-b06), built on Apr 14 2011 00:44:38 by "java_re" with MS VC++ 8.0 (VS2005)

time: Mon Dec 12 10:55:28 2011
elapsed time: 12 seconds

