#
# A fatal error has been detected by the Java Runtime Environment:
#
#  EXCEPTION_ACCESS_VIOLATION (0xc0000005) at pc=0x000007feeed19261, pid=6676, tid=6788
#
# JRE version: 6.0_25-b06
# Java VM: Java HotSpot(TM) 64-Bit Server VM (20.0-b11 mixed mode windows-amd64 compressed oops)
# Problematic frame:
# C  [baslera311x64.dll+0x9261]
#
# If you would like to submit a bug report, please visit:
#   http://java.sun.com/webapps/bugreport/crash.jsp
# The crash happened outside the Java Virtual Machine in native code.
# See problematic frame for where to report the bug.
#

---------------  T H R E A D  ---------------

Current thread (0x00000000005dc000):  JavaThread "main" [_thread_in_native, id=6788, stack(0x00000000020d0000,0x00000000021d0000)]

siginfo: ExceptionCode=0xc0000005, reading address 0xffffffffffffffff

Registers:
RAX=0xdddddddddddddddd, RBX=0x00000000bbaaadf0, RCX=0x00000000074fec40, RDX=0x0000000042437901
RSP=0x00000000021cf400, RBP=0x00000000021cf780, RSI=0x00000000bbb1aa20, RDI=0x00000000021cf420
R8 =0x0000000000000000, R9 =0x00000000021cf780, R10=0x0000000000000000, R11=0x0000000000000246
R12=0x0000000000000000, R13=0x00000000bbaaadf0, R14=0x00000000021cf7c0, R15=0x00000000005dc000
RIP=0x000007feeed19261, EFLAGS=0x0000000000010206

Top of Stack: (sp=0x00000000021cf400)
0x00000000021cf400:   0000000007b47aa0 cccccccccccccccc
0x00000000021cf410:   cccccccccccccccc cccccccccccccccc
0x00000000021cf420:   00000000021cf650 000007feeed17f5b
0x00000000021cf430:   0000000007b47aa0 0000000042437901
0x00000000021cf440:   0000000000000000 cccccccccccccccc
0x00000000021cf450:   cccccccccccccccc cccccccccccccccc
0x00000000021cf460:   cccccccccccccccc cccccccccccccccc
0x00000000021cf470:   cccccccccccccccc cccccccccccccccc
0x00000000021cf480:   cccccccccccccccc cccccccccccccccc
0x00000000021cf490:   cccccccccccccccc cccccccccccccccc
0x00000000021cf4a0:   cccccccccccccccc cccccccccccccccc
0x00000000021cf4b0:   cccccccccccccccc cccccccccccccccc
0x00000000021cf4c0:   cccccccccccccccc cccccccccccccccc
0x00000000021cf4d0:   cccccccccccccccc cccccccccccccccc
0x00000000021cf4e0:   cccccccccccccccc cccccccccccccccc
0x00000000021cf4f0:   cccccccccccccccc cccccccccccccccc 

Instructions: (pc=0x000007feeed19261)
0x000007feeed19241:   ff 48 8b 44 24 30 48 8b 40 40 48 8b 4c 24 30 48
0x000007feeed19251:   8b 49 40 48 8b 00 4c 8b 44 24 40 48 8b 54 24 38
0x000007feeed19261:   ff 50 38 48 83 c4 20 5f c3 cc cc cc cc cc cc cc
0x000007feeed19271:   cc cc cc cc cc cc cc cc cc cc cc cc cc cc cc 48 


Register to memory mapping:

RAX=0xdddddddddddddddd is an unknown value
RBX=0x00000000bbaaadf0 is an oop
{method} 
 - klass: {other class}
RCX=0x00000000074fec40 is an unknown value
RDX=0x0000000042437901 is an unknown value
RSP=0x00000000021cf400 is pointing into the stack for thread: 0x00000000005dc000
RBP=0x00000000021cf780 is pointing into the stack for thread: 0x00000000005dc000
RSI=0x00000000bbb1aa20 is an oop
{constant pool} 
 - klass: {other class}
 - cache: 0x00000000bbb37220
 -   1 :  : klass_index=37 name_and_type_index=79
 -   2 :  : 'edu/byui/PET/images/ImagePanel$1' {0xbbe78c68}
 -   3 :  : klass_index=2 name_and_type_index=83
 -   4 :  : klass_index=36 name_and_type_index=84
 -   5 :  : klass_index=36 name_and_type_index=79
 -   6 :  : 'javax/swing/ImageIcon'
 -   7 :  : klass_index=6 name_and_type_index=86
 -   8 :  : klass_index=36 name_and_type_index=87
 -   9 :  : 'java/lang/Exception'
 -  10 :  : klass_index=9 name_and_type_index=89
 -  11 :  : klass_index=37 name_and_type_index=90
 -  12 :  : klass_index=6 name_and_type_index=91
 -  13 :  : klass_index=92 name_and_type_index=93
 -  14 :  : klass_index=36 name_and_type_index=94
 -  15 :  : klass_index=36 name_and_type_index=95
 -  16 :  : klass_index=96 name_and_type_index=97
 -  17 :  : klass_index=96 name_and_type_index=98
 -  18 :  : klass_index=99 name_and_type_index=100
 -  19 :  : klass_index=6 name_and_type_index=101
 -  20 :  : klass_index=36 name_and_type_index=102
 -  21 :  : klass_index=36 name_and_type_index=103
 -  22 :  : klass_index=36 name_and_type_index=104
 -  23 :  : klass_index=36 name_and_type_index=105
 -  24 :  : klass_index=36 name_and_type_index=106
 -  25 :  : klass_index=6 name_and_type_index=107
 -  26 :  : klass_index=6 name_and_type_index=108
 -  27 :  : 'java/awt/image/BufferedImage'
 -  28 :  : klass_index=27 name_and_type_index=110
 -  29 :  : klass_index=27 name_and_type_index=111
 -  30 :  : klass_index=112 name_and_type_index=113
 -  31 :  : klass_index=112 name_and_type_index=114
 -  32 :  : klass_index=115 name_and_type_index=116
 -  33 :  : klass_index=115 name_and_type_index=117
 -  34 :  : klass_index=115 name_and_type_index=118
 -  35 :  : klass_index=6 name_and_type_index=119
 -  36 :  : 'edu/byui/PET/images/ImagePanel' {0xbbb1e060}
 -  37 :  : 'javax/swing/JPanel' {0xbbb1ce40}
 -  38 :  : 'image'
 -  39 :  : 'Ljavax/swing/ImageIcon;'
 -  40 :  : 'size'
 -  41 :  : 'Ljava/awt/Dimension;'
 -  42 :  : 'backLoc'
 -  43 :  : 'Ljava/lang/String;'
 -  44 :  : '<init>'
 -  45 :  : '()V'
 -  46 :  : 'Code'
 -  47 :  : 'LineNumberTable'
 -  48 :  : 'LocalVariableTable'
 -  49 :  : 'this'
 -  50 :  : 'Ledu/byui/PET/images/ImagePanel;'
 -  51 :  : '(Ljava/net/URL;)V'
 -  52 :  : 'e'
 -  53 :  : 'Ljava/lang/Exception;'
 -  54 :  : 'pURL'
 -  55 :  : 'Ljava/net/URL;'
 -  56 :  : 'paintComponent'
 -  57 :  : '(Ljava/awt/Graphics;)V'
 -  58 :  : 'g'
 -  59 :  : 'Ljava/awt/Graphics;'
 -  60 :  : 'getImageLoc'
 -  61 :  : 'img'
 -  62 :  : 'Ljava/awt/Image;'
 -  63 :  : 'newImg'
 -  64 :  : 'setImageIcon'
 -  65 :  : '(Ljavax/swing/ImageIcon;)V'
 -  66 :  : 'pImg'
 -  67 :  : 'resizeImage'
 -  68 :  : '(II)V'
 -  69 :  : 'w'
 -  70 :  : 'I'
 -  71 :  : 'h'
 -  72 :  : 'oldImage'
 -  73 :  : 'Ljava/awt/image/BufferedImage;'
 -  74 :  : 'Ljava/awt/Graphics2D;'
 -  75 :  : 'newW'
 -  76 :  : 'newH'
 -  77 :  : 'SourceFile'
 -  78 :  : 'ImagePanel.java'
 -  79 :  : name_index=44 signature_index=45
 -  80 :  : 'edu/byui/PET/images/ImagePanel$1'
 -  81 :  : ''
 -  82 :  : 'InnerClasses'
 -  83 :  : name_index=44 signature_index=122
 -  84 :  : name_index=123 signature_index=124
 -  85 :  : 'javax/swing/ImageIcon'
 -  86 :  : name_index=44 signature_index=51
 -  87 :  : name_index=38 signature_index=39
 -  88 :  : 'java/lang/Exception'
 -  89 :  : name_index=125 signature_index=45
 -  90 :  : name_index=56 signature_index=57
 -  91 :  : name_index=126 signature_index=127
 -  92 :  : 'java/awt/Graphics'
 -  93 :  : name_index=129 signature_index=130
 -  94 :  : name_index=131 signature_index=132
 -  95 :  : name_index=40 signature_index=41
 -  96 :  : 'java/awt/Dimension'
 -  97 :  : name_index=134 signature_index=70
 -  98 :  : name_index=135 signature_index=70
 -  99 :  : 'java/awt/Image'
 - 100 :  : name_index=137 signature_index=138
 - 101 :  : name_index=44 signature_index=139
 - 102 :  : name_index=140 signature_index=141
 - 103 :  : name_index=142 signature_index=141
 - 104 :  : name_index=67 signature_index=68
 - 105 :  : name_index=143 signature_index=144
 - 106 :  : name_index=145 signature_index=57
 - 107 :  : name_index=146 signature_index=141
 - 108 :  : name_index=147 signature_index=141
 - 109 :  : 'java/awt/image/BufferedImage'
 - 110 :  : name_index=44 signature_index=148
 - 111 :  : name_index=149 signature_index=150
 - 112 :  : 'java/awt/RenderingHints'
 - 113 :  : name_index=152 signature_index=155
 - 114 :  : name_index=156 signature_index=157
 - 115 :  : 'java/awt/Graphics2D'
 - 116 :  : name_index=159 signature_index=160
 - 117 :  : name_index=129 signature_index=161
 - 118 :  : name_index=162 signature_index=45
 - 119 :  : name_index=163 signature_index=139
 - 120 :  : 'edu/byui/PET/images/ImagePanel'
 - 121 :  : 'javax/swing/JPanel'
 - 122 :  : '(Ledu/byui/PET/images/ImagePanel;)V'
 - 123 :  : 'addComponentListener'
 - 124 :  : '(Ljava/awt/event/ComponentListener;)V'
 - 125 :  : 'printStackTrace'
 - 126 :  : 'getImage'
 - 127 :  : '()Ljava/awt/Image;'
 - 128 :  : 'java/awt/Graphics'
 - 129 :  : 'drawImage'
 - 130 :  : '(Ljava/awt/Image;IILjava/awt/image/ImageObserver;)Z'
 - 131 :  : 'getSize'
 - 132 :  : '()Ljava/awt/Dimension;'
 - 133 :  : 'java/awt/Dimension'
 - 134 :  : 'width'
 - 135 :  : 'height'
 - 136 :  : 'java/awt/Image'
 - 137 :  : 'getScaledInstance'
 - 138 :  : '(III)Ljava/awt/Image;'
 - 139 :  : '(Ljava/awt/Image;)V'
 - 140 :  : 'getWidth'
 - 141 :  : '()I'
 - 142 :  : 'getHeight'
 - 143 :  : 'getGraphics'
 - 144 :  : '()Ljava/awt/Graphics;'
 - 145 :  : 'paint'
 - 146 :  : 'getIconWidth'
 - 147 :  : 'getIconHeight'
 - 148 :  : '(III)V'
 - 149 :  : 'createGraphics'
 - 150 :  : '()Ljava/awt/Graphics2D;'
 - 151 :  : 'java/awt/RenderingHints'
 - 152 :  : 'KEY_INTERPOLATION'
 - 153 :  : 'java/awt/RenderingHints$Key'
 - 154 :  : 'Key'
 - 155 :  : 'Ljava/awt/RenderingHints$Key;'
 - 156 :  : 'VALUE_INTERPOLATION_BILINEAR'
 - 157 :  : 'Ljava/lang/Object;'
 - 158 :  : 'java/awt/Graphics2D'
 - 159 :  : 'setRenderingHint'
 - 160 :  : '(Ljava/awt/RenderingHints$Key;Ljava/lang/Object;)V'
 - 161 :  : '(Ljava/awt/Image;IIIIIIIILjava/awt/image/ImageObserver;)Z'
 - 162 :  : 'dispose'
 - 163 :  : 'setImage'
 - 164 :  : 'java/awt/RenderingHints$Key'

RDI=0x00000000021cf420 is pointing into the stack for thread: 0x00000000005dc000
R8 =0x0000000000000000 is an unknown value
R9 =0x00000000021cf780 is pointing into the stack for thread: 0x00000000005dc000
R10=0x0000000000000000 is an unknown value
R11=0x0000000000000246 is an unknown value
R12=0x0000000000000000 is an unknown value
R13=0x00000000bbaaadf0 is an oop
{method} 
 - klass: {other class}
R14=0x00000000021cf7c0 is pointing into the stack for thread: 0x00000000005dc000
R15=0x00000000005dc000 is a thread


Stack: [0x00000000020d0000,0x00000000021d0000],  sp=0x00000000021cf400,  free space=1021k
Native frames: (J=compiled Java code, j=interpreted, Vv=VM code, C=native code)
C  [baslera311x64.dll+0x9261]  Pylon::CStreamGrabberProxyT<Basler_IIDC1394StreamParams::CIIDC1394StreamParams_Params>::QueueBuffer+0x51
j  edu.byui.PET.camera.BaslerA311JNI.retrieveData()Z+43
j  edu.byui.PET.camera.PETCamera.captureImage()Z+1
j  edu.byui.PET.images.CameraImagePanel.<init>(Ledu/byui/PET/camera/Camera;)V+13
j  edu.byui.PET.camera.JNICameraTest.testPanel()V+19
j  edu.byui.PET.camera.JNICameraTest.<init>()V+5
j  edu.byui.PET.camera.JNICameraTest.main([Ljava/lang/String;)V+4
v  ~StubRoutines::call_stub
V  [jvm.dll+0x1e9a17]

Java frames: (J=compiled Java code, j=interpreted, Vv=VM code)
j  edu.byui.PET.camera.BaslerA311JNI.getCameraData(JJ)[B+0
j  edu.byui.PET.camera.BaslerA311JNI.retrieveData()Z+43
j  edu.byui.PET.camera.PETCamera.captureImage()Z+1
j  edu.byui.PET.images.CameraImagePanel.<init>(Ledu/byui/PET/camera/Camera;)V+13
j  edu.byui.PET.camera.JNICameraTest.testPanel()V+19
j  edu.byui.PET.camera.JNICameraTest.<init>()V+5
j  edu.byui.PET.camera.JNICameraTest.main([Ljava/lang/String;)V+4
v  ~StubRoutines::call_stub

---------------  P R O C E S S  ---------------

Java Threads: ( => current thread )
  0x0000000006205000 JavaThread "AWT-Windows" daemon [_thread_in_native, id=6128, stack(0x000000000c400000,0x000000000c500000)]
  0x0000000006204000 JavaThread "AWT-Shutdown" [_thread_blocked, id=6848, stack(0x000000000c300000,0x000000000c400000)]
  0x0000000006203800 JavaThread "Java2D Disposer" daemon [_thread_blocked, id=2884, stack(0x000000000c200000,0x000000000c300000)]
  0x0000000006202800 JavaThread "Low Memory Detector" daemon [_thread_blocked, id=4004, stack(0x00000000067b0000,0x00000000068b0000)]
  0x000000000622b800 JavaThread "C2 CompilerThread1" daemon [_thread_blocked, id=4132, stack(0x00000000066b0000,0x00000000067b0000)]
  0x0000000006218800 JavaThread "C2 CompilerThread0" daemon [_thread_blocked, id=2016, stack(0x00000000065b0000,0x00000000066b0000)]
  0x0000000006202000 JavaThread "Attach Listener" daemon [_thread_blocked, id=4800, stack(0x00000000064b0000,0x00000000065b0000)]
  0x0000000006201000 JavaThread "Signal Dispatcher" daemon [_thread_blocked, id=3088, stack(0x00000000063b0000,0x00000000064b0000)]
  0x00000000003dc800 JavaThread "Finalizer" daemon [_thread_blocked, id=6076, stack(0x00000000060b0000,0x00000000061b0000)]
  0x00000000003d5800 JavaThread "Reference Handler" daemon [_thread_blocked, id=6740, stack(0x0000000005fb0000,0x00000000060b0000)]
=>0x00000000005dc000 JavaThread "main" [_thread_in_native, id=6788, stack(0x00000000020d0000,0x00000000021d0000)]

Other Threads:
  0x00000000003cd000 VMThread [stack: 0x0000000005eb0000,0x0000000005fb0000] [id=4568]
  0x000000000623f000 WatcherThread [stack: 0x00000000068b0000,0x00000000069b0000] [id=5384]

VM state:not at safepoint (normal execution)

VM Mutex/Monitor currently owned by a thread: None

Heap
 PSYoungGen      total 18944K, used 1313K [0x00000000eae00000, 0x00000000ec320000, 0x0000000100000000)
  eden space 16256K, 8% used [0x00000000eae00000,0x00000000eaf48548,0x00000000ebde0000)
  from space 2688K, 0% used [0x00000000ec080000,0x00000000ec080000,0x00000000ec320000)
  to   space 2688K, 0% used [0x00000000ebde0000,0x00000000ebde0000,0x00000000ec080000)
 PSOldGen        total 43264K, used 0K [0x00000000c0a00000, 0x00000000c3440000, 0x00000000eae00000)
  object space 43264K, 0% used [0x00000000c0a00000,0x00000000c0a00000,0x00000000c3440000)
 PSPermGen       total 21248K, used 6678K [0x00000000bb800000, 0x00000000bccc0000, 0x00000000c0a00000)
  object space 21248K, 31% used [0x00000000bb800000,0x00000000bbe85858,0x00000000bccc0000)

Code Cache  [0x00000000021d0000, 0x0000000002440000, 0x00000000051d0000)
 total_blobs=279 nmethods=10 adapters=223 free_code_cache=49873536 largest_free_block=256

Dynamic libraries:
0x0000000000400000 - 0x000000000042e000 	C:\Program Files\Java\jdk1.6.0_25\jre\bin\java.exe
0x00000000779a0000 - 0x0000000077b49000 	C:\Windows\SYSTEM32\ntdll.dll
0x00000000772c0000 - 0x00000000773df000 	C:\Windows\system32\kernel32.dll
0x000007fefe160000 - 0x000007fefe1cc000 	C:\Windows\system32\KERNELBASE.dll
0x000007fefe540000 - 0x000007fefe61b000 	C:\Windows\system32\ADVAPI32.dll
0x000007fefe670000 - 0x000007fefe70f000 	C:\Windows\system32\msvcrt.dll
0x000007feffa50000 - 0x000007feffa6f000 	C:\Windows\SYSTEM32\sechost.dll
0x000007fefe8b0000 - 0x000007fefe9dd000 	C:\Windows\system32\RPCRT4.dll
0x000000006d890000 - 0x000000006e048000 	C:\Program Files\Java\jdk1.6.0_25\jre\bin\server\jvm.dll
0x00000000778a0000 - 0x000000007799a000 	C:\Windows\system32\USER32.dll
0x000007fefe9e0000 - 0x000007fefea47000 	C:\Windows\system32\GDI32.dll
0x000007fefea50000 - 0x000007fefea5e000 	C:\Windows\system32\LPK.dll
0x000007fefe7e0000 - 0x000007fefe8a9000 	C:\Windows\system32\USP10.dll
0x000007fefc370000 - 0x000007fefc3ab000 	C:\Windows\system32\WINMM.dll
0x000007fefe7b0000 - 0x000007fefe7de000 	C:\Windows\system32\IMM32.DLL
0x000007fefe430000 - 0x000007fefe539000 	C:\Windows\system32\MSCTF.dll
0x000000006d800000 - 0x000000006d80e000 	C:\Program Files\Java\jdk1.6.0_25\jre\bin\verify.dll
0x000000006d450000 - 0x000000006d477000 	C:\Program Files\Java\jdk1.6.0_25\jre\bin\java.dll
0x0000000077b70000 - 0x0000000077b77000 	C:\Windows\system32\PSAPI.DLL
0x000000006d850000 - 0x000000006d862000 	C:\Program Files\Java\jdk1.6.0_25\jre\bin\zip.dll
0x000000006d0a0000 - 0x000000006d263000 	C:\Program Files\Java\jdk1.6.0_25\jre\bin\awt.dll
0x000007fef9d80000 - 0x000007fef9df1000 	C:\Windows\system32\WINSPOOL.DRV
0x000007feffaa0000 - 0x000007feffca3000 	C:\Windows\system32\ole32.dll
0x000007fefea60000 - 0x000007feff7e8000 	C:\Windows\system32\SHELL32.dll
0x000007fefe1d0000 - 0x000007fefe241000 	C:\Windows\system32\SHLWAPI.dll
0x000007fefca10000 - 0x000007fefcc04000 	C:\Windows\WinSxS\amd64_microsoft.windows.common-controls_6595b64144ccf1df_6.0.7601.17514_none_fa396087175ac9ac\COMCTL32.dll
0x000007feeed10000 - 0x000007feef679000 	C:\Users\brogers3\AppData\Local\Temp\.petlibs\baslera311x64.dll
0x0000000180000000 - 0x00000001801fe000 	C:\Program Files\Basler\pylon 2.3\pylon\bin\x64\PylonBase_MDd_VC80.dll
0x0000000013000000 - 0x0000000013499000 	C:\Program Files\Basler\pylon 2.3\pylon\bin\x64\xerces-c_MDd_VC80_v2_7.dll
0x000007fefe620000 - 0x000007fefe66d000 	C:\Windows\system32\WS2_32.dll
0x000007feffa90000 - 0x000007feffa98000 	C:\Windows\system32\NSI.dll
0x0000000062040000 - 0x000000006218d000 	C:\Windows\WinSxS\amd64_microsoft.vc80.debugcrt_1fc8b3b9a1e18e3b_8.0.50727.762_none_dd1b6abf43c3c735\MSVCR80D.dll
0x0000000061560000 - 0x00000000616bb000 	C:\Windows\WinSxS\amd64_microsoft.vc80.debugcrt_1fc8b3b9a1e18e3b_8.0.50727.762_none_dd1b6abf43c3c735\MSVCP80D.dll
0x0000000006eb0000 - 0x0000000006ee4000 	C:\Program Files\Basler\pylon 2.3\genicam\Bin\Win64_x64\GCBase_MDd_VC80_v2_0.dll
0x0000000006ef0000 - 0x000000000725b000 	C:\Program Files\Basler\pylon 2.3\genicam\Bin\Win64_x64\GenApi_MDd_VC80_v2_0.dll
0x0000000007260000 - 0x00000000072a3000 	C:\Program Files\Basler\pylon 2.3\genicam\Bin\Win64_x64\MathParser_MDd_VC80_v2_0.dll
0x00000000072b0000 - 0x000000000739e000 	C:\Program Files\Basler\pylon 2.3\genicam\Bin\Win64_x64\log4cpp_MDd_VC80_v2_0.dll
0x00000000073a0000 - 0x00000000073b1000 	C:\Program Files\Basler\pylon 2.3\genicam\Bin\Win64_x64\Log_MDd_VC80_v2_0.dll
0x000007fefc6d0000 - 0x000007fefc6d7000 	C:\Windows\system32\MSIMG32.dll
0x000007fefe710000 - 0x000007fefe7a7000 	C:\Windows\system32\COMDLG32.dll
0x000007feff970000 - 0x000007feffa47000 	C:\Windows\system32\OLEAUT32.dll
0x000007fefb7e0000 - 0x000007fefb803000 	C:\Windows\system32\oledlg.dll
0x000007fef8a90000 - 0x000007fef8ae4000 	C:\Windows\system32\OLEACC.dll
0x000007fef6280000 - 0x000007fef6495000 	C:\Windows\WinSxS\amd64_microsoft.windows.gdiplus_6595b64144ccf1df_1.1.7601.17514_none_2b24536c71ed437a\gdiplus.dll
0x000007fefde00000 - 0x000007fefde0f000 	C:\Windows\system32\profapi.dll
0x000007fefc9b0000 - 0x000007fefca06000 	C:\Windows\system32\UxTheme.dll
0x000007fefc450000 - 0x000007fefc468000 	C:\Windows\system32\dwmapi.dll
0x0000000007c00000 - 0x0000000007d1f000 	C:\Program Files\Basler\pylon 2.3\pylon\bin\x64\Pylon1394_MDd_VC80.dll
0x000007fefd900000 - 0x000007fefd90c000 	C:\Windows\system32\VERSION.dll
0x000007fefe250000 - 0x000007fefe427000 	C:\Windows\system32\SETUPAPI.dll
0x000007fefdfb0000 - 0x000007fefdfe6000 	C:\Windows\system32\CFGMGR32.dll
0x000007fefdf90000 - 0x000007fefdfaa000 	C:\Windows\system32\DEVOBJ.dll
0x00000000086d0000 - 0x0000000008764000 	C:\Program Files\Basler\pylon 2.3\pylon\bin\x64\PylonCLSer_MDd_VC80.dll
0x0000000008770000 - 0x00000000087bc000 	C:\Program Files\Basler\pylon 2.3\genicam\bin\Win64_x64\CLProtocol_MDd_VC80_v2_0.dll
0x00000000087c0000 - 0x00000000089b4000 	C:\Program Files\Basler\pylon 2.3\pylon\bin\x64\PylonGigE_MDd_VC80.dll
0x0000000062c50000 - 0x0000000062c68000 	C:\Program Files\Basler\pylon 2.3\pylon\bin\x64\gxapi.dll
0x000007fefb670000 - 0x000007fefb697000 	C:\Windows\system32\iphlpapi.dll
0x000007fefb660000 - 0x000007fefb66b000 	C:\Windows\system32\WINNSI.DLL
0x000007fefdeb0000 - 0x000007fefdeea000 	C:\Windows\system32\WINTRUST.dll
0x000007fefdff0000 - 0x000007fefe157000 	C:\Windows\system32\CRYPT32.dll
0x000007fefdea0000 - 0x000007fefdeaf000 	C:\Windows\system32\MSASN1.dll
0x0000000010000000 - 0x0000000010005000 	C:\Program Files\Basler\pylon 2.3\pylon\bin\x64\bcamerror.dll
0x0000000008ea0000 - 0x0000000008ed9000 	C:\Program Files\Basler\pylon 2.3\genicam\Bin\Win64_x64\GenApi\Generic\XMLLoader_MDd_VC80_v2_0.dll
0x0000000008ee0000 - 0x000000000917a000 	C:\Program Files\Basler\pylon 2.3\genicam\Bin\Win64_x64\GenApi\Generic\xerces-c_MD_VC80_v2_7.dll
0x0000000075070000 - 0x0000000075139000 	C:\Windows\WinSxS\amd64_microsoft.vc80.crt_1fc8b3b9a1e18e3b_8.0.50727.6195_none_88e41e092fab0294\MSVCR80.dll
0x0000000009180000 - 0x0000000009609000 	C:\Program Files\Basler\pylon 2.3\genicam\Bin\Win64_x64\GenApi\Generic\Xalan-C_MD_VC80_v1_10.dll
0x0000000013800000 - 0x000000001380c000 	C:\Program Files\Basler\pylon 2.3\genicam\Bin\Win64_x64\GenApi\Generic\XalanMessages_MD_VC80_v1_10.dll
0x0000000075140000 - 0x0000000075249000 	C:\Windows\WinSxS\amd64_microsoft.vc80.crt_1fc8b3b9a1e18e3b_8.0.50727.6195_none_88e41e092fab0294\MSVCP80.dll
0x000007fefdd30000 - 0x000007fefdd3f000 	C:\Windows\system32\CRYPTBASE.dll
0x000000006d340000 - 0x000000006d3a6000 	C:\Program Files\Java\jdk1.6.0_25\jre\bin\fontmanager.dll

VM Arguments:
jvm_args: -Dfile.encoding=UTF-8 
java_command: edu.byui.PET.camera.JNICameraTest
Launcher Type: SUN_STANDARD

Environment Variables:
CLASSPATH=.;C:\Program Files (x86)\Java\jre6\lib\ext\QTJava.zip
PATH=C:\Program Files\Basler\pylon 2.3\pylon\bin\x64;C:\Program Files\Basler\pylon 2.3\genicam\bin\Win64_x64;C:\Program Files\Basler\pylon 2.3\pylon\bin\x64;C:\Program Files\Basler\pylon 2.3\pylon\bin\Win32;C:\Program Files\Basler\pylon 2.3\genicam\Bin\Win64_x64;C:\Program Files\Basler\pylon 2.3\genicam\Bin\Win32_i86;C:\Windows\system32;C:\Windows;C:\Windows\System32\Wbem;C:\Windows\System32\WindowsPowerShell\v1.0\;C:\Program Files\Intel\DMIX;C:\Windows\System32\Windows System Resource Manager\bin;C:\Windows\idmu\common;C:\Program Files (x86)\QuickTime\QTSystem\;C:\Program Files\MATLAB\R2011a\runtime\win64;C:\Program Files\MATLAB\R2011a\bin;C:\Program Files (x86)\IVI Foundation\IVI\bin;C:\Program Files\IVI Foundation\IVI\bin;C:\Program Files\IVI Foundation\VISA\Win64\Bin\;C:\Program Files (x86)\IVI Foundation\VISA\WinNT\Bin\;C:\Program Files (x86)\IVI Foundation\VISA\WinNT\Bin;C:\Program Files (x86)\National Instruments\Motion Assistant\bin\mxwplugins;c:\Program Files (x86)\Microsoft SQL Server\100\Tools\Binn\;c:\Program Files\Microsoft SQL Server\100\Tools\Binn\;c:\Program Files\Microsoft SQL Server\100\DTS\Binn\
USERNAME=brogers3
OS=Windows_NT
PROCESSOR_IDENTIFIER=Intel64 Family 6 Model 42 Stepping 7, GenuineIntel



---------------  S Y S T E M  ---------------

OS: Windows 7 Build 7601 Service Pack 1

CPU:total 4 (4 cores per cpu, 1 threads per core) family 6 model 42 stepping 7, cmov, cx8, fxsr, mmx, sse, sse2, sse3, ssse3, sse4.1, sse4.2, popcnt

Memory: 4k page, physical 4151328k(1136804k free), swap 7221480k(4178444k free)

vm_info: Java HotSpot(TM) 64-Bit Server VM (20.0-b11) for windows-amd64 JRE (1.6.0_25-b06), built on Apr 14 2011 00:44:38 by "java_re" with MS VC++ 8.0 (VS2005)

time: Thu Dec 08 13:27:35 2011
elapsed time: 22 seconds

