#
# A fatal error has been detected by the Java Runtime Environment:
#
#  EXCEPTION_ACCESS_VIOLATION (0xc0000005) at pc=0x000007feeed052b8, pid=7332, tid=6424
#
# JRE version: 6.0_25-b06
# Java VM: Java HotSpot(TM) 64-Bit Server VM (20.0-b11 mixed mode windows-amd64 compressed oops)
# Problematic frame:
# C  [baslera311x64.dll+0xe52b8]
#
# If you would like to submit a bug report, please visit:
#   http://java.sun.com/webapps/bugreport/crash.jsp
# The crash happened outside the Java Virtual Machine in native code.
# See problematic frame for where to report the bug.
#

---------------  T H R E A D  ---------------

Current thread (0x0000000006b80000):  JavaThread "Thread-3" [_thread_in_native, id=6424, stack(0x000000000eaa0000,0x000000000eba0000)]

siginfo: ExceptionCode=0xc0000005, reading address 0xffffffffffffffff

Registers:
RAX=0xdddddddddddddddd, RBX=0x00000000002c9e50, RCX=0x00000000002cb438, RDX=0x0000000000000000
RSP=0x000000000eb948a0, RBP=0x000000000eb9f2a0, RSI=0x00000000002cb130, RDI=0x000007feef10c060
R8 =0x0000000000001003, R9 =0x0000000000001003, R10=0x0000000077ad7c50, R11=0x0000000000306930
R12=0x000007fffffd6000, R13=0x000007fffff88000, R14=0x0000000077ad7be0, R15=0x0000000077ad2670
RIP=0x000007feeed052b8, EFLAGS=0x0000000000010286

Top of Stack: (sp=0x000000000eb948a0)
0x000000000eb948a0:   00000000002cb438 0000000000281320
0x000000000eb948b0:   000007feef4f1480 000007feeecf7573
0x000000000eb948c0:   dddddddddddddddd 0000000000000001
0x000000000eb948d0:   0000000000281320 000007feeed05093
0x000000000eb948e0:   00000000002cb438 000007feeecf3a53
0x000000000eb948f0:   00000000002cb438 fffffffffffffffe
0x000000000eb94900:   0000000000001003 fffffffffffffffe
0x000000000eb94910:   00000000003068e0 000007feeed05206
0x000000000eb94920:   00000000002cb438 000007fe00001003
0x000000000eb94930:   000007feef352292 0000000007617f8e
0x000000000eb94940:   0000000000306920 000007feeed054dd
0x000000000eb94950:   0000100300000000 00000000ef352290
0x000000000eb94960:   0000000000281320 000007feeecf119a
0x000000000eb94970:   0000000077ad7be0 000007feeed04f4f
0x000000000eb94980:   00000000002cb438 000000000eb94a28
0x000000000eb94990:   0000000000000000 0000000000000000 

Instructions: (pc=0x000007feeed052b8)
0x000007feeed05298:   38 48 8b 4c 24 40 e8 cd e4 fe ff 48 8b 00 48 89
0x000007feeed052a8:   44 24 20 48 83 7c 24 20 00 74 17 48 8b 44 24 20
0x000007feeed052b8:   48 8b 00 48 8b 4c 24 20 ff 50 20 48 89 44 24 28
0x000007feeed052c8:   eb 09 48 c7 44 24 28 00 00 00 00 48 8b 44 24 28 


Register to memory mapping:

RAX=0xdddddddddddddddd is an unknown value
RBX=0x00000000002c9e50 is an unknown value
RCX=0x00000000002cb438 is an unknown value
RDX=0x0000000000000000 is an unknown value
RSP=0x000000000eb948a0 is pointing into the stack for thread: 0x0000000006b80000
RBP=0x000000000eb9f2a0 is pointing into the stack for thread: 0x0000000006b80000
RSI=0x00000000002cb130 is an unknown value
RDI=0x000007feef10c060 is an unknown value
R8 =0x0000000000001003 is an unknown value
R9 =0x0000000000001003 is an unknown value
R10=0x0000000077ad7c50 is an unknown value
R11=0x0000000000306930 is an unknown value
R12=0x000007fffffd6000 is an unknown value
R13=0x000007fffff88000 is an unknown value
R14=0x0000000077ad7be0 is an unknown value
R15=0x0000000077ad2670 is an unknown value


Stack: [0x000000000eaa0000,0x000000000eba0000],  sp=0x000000000eb948a0,  free space=978k
Native frames: (J=compiled Java code, j=interpreted, Vv=VM code, C=native code)
C  [baslera311x64.dll+0xe52b8]  ATL::CSimpleStringT<wchar_t,0>::GetManager+0x28

Java frames: (J=compiled Java code, j=interpreted, Vv=VM code)
j  edu.byui.PET.camera.BaslerA311JNI.getCameraData(JJ)[B+0
j  edu.byui.PET.camera.BaslerA311JNI.retrieveData()Z+43
j  edu.byui.PET.camera.PETCamera.captureImage()Z+1
j  edu.byui.PET.images.CameraImagePanel.capture()V+4
j  edu.byui.PET.camera.JNICameraTest$Refresher.run()V+12
j  java.lang.Thread.run()V+11
v  ~StubRoutines::call_stub

---------------  P R O C E S S  ---------------

Java Threads: ( => current thread )
  0x0000000005d1c800 JavaThread "D3D Screen Updater" daemon [_thread_blocked, id=7524, stack(0x000000000f040000,0x000000000f140000)]
  0x000000000055c000 JavaThread "DestroyJavaVM" [_thread_blocked, id=5216, stack(0x0000000002090000,0x0000000002190000)]
  0x0000000005d18000 JavaThread "TimerQueue" daemon [_thread_blocked, id=3248, stack(0x000000000eec0000,0x000000000efc0000)]
  0x0000000006b9b000 JavaThread "AWT-EventQueue-0" [_thread_blocked, id=7956, stack(0x000000000eba0000,0x000000000eca0000)]
=>0x0000000006b80000 JavaThread "Thread-3" [_thread_in_native, id=6424, stack(0x000000000eaa0000,0x000000000eba0000)]
  0x0000000006b78800 JavaThread "AWT-Windows" daemon [_thread_in_native, id=5592, stack(0x000000000c510000,0x000000000c610000)]
  0x0000000005c17800 JavaThread "AWT-Shutdown" [_thread_blocked, id=6028, stack(0x000000000c410000,0x000000000c510000)]
  0x0000000005c16800 JavaThread "Java2D Disposer" daemon [_thread_blocked, id=7132, stack(0x000000000c310000,0x000000000c410000)]
  0x0000000005bca000 JavaThread "Low Memory Detector" daemon [_thread_blocked, id=5576, stack(0x00000000068b0000,0x00000000069b0000)]
  0x0000000005bc9800 JavaThread "C2 CompilerThread1" daemon [_thread_blocked, id=8008, stack(0x00000000067b0000,0x00000000068b0000)]
  0x0000000005bc4000 JavaThread "C2 CompilerThread0" daemon [_thread_blocked, id=5824, stack(0x00000000066b0000,0x00000000067b0000)]
  0x0000000005bc0800 JavaThread "Attach Listener" daemon [_thread_blocked, id=2472, stack(0x00000000065b0000,0x00000000066b0000)]
  0x0000000005bbb000 JavaThread "Signal Dispatcher" daemon [_thread_blocked, id=6160, stack(0x00000000064b0000,0x00000000065b0000)]
  0x0000000005ba3000 JavaThread "Finalizer" daemon [_thread_blocked, id=2820, stack(0x00000000063b0000,0x00000000064b0000)]
  0x0000000005ba1800 JavaThread "Reference Handler" daemon [_thread_blocked, id=5816, stack(0x00000000062b0000,0x00000000063b0000)]

Other Threads:
  0x0000000005b99000 VMThread [stack: 0x00000000061b0000,0x00000000062b0000] [id=7900]
  0x0000000005bdd800 WatcherThread [stack: 0x00000000069b0000,0x0000000006ab0000] [id=4512]

VM state:not at safepoint (normal execution)

VM Mutex/Monitor currently owned by a thread: None

Heap
 PSYoungGen      total 9984K, used 7511K [0x00000000eae00000, 0x00000000eba80000, 0x0000000100000000)
  eden space 7424K, 86% used [0x00000000eae00000,0x00000000eb448c98,0x00000000eb540000)
  from space 2560K, 42% used [0x00000000eb800000,0x00000000eb90d1f8,0x00000000eba80000)
  to   space 2688K, 0% used [0x00000000eb540000,0x00000000eb540000,0x00000000eb7e0000)
 PSOldGen        total 43264K, used 35863K [0x00000000c0a00000, 0x00000000c3440000, 0x00000000eae00000)
  object space 43264K, 82% used [0x00000000c0a00000,0x00000000c2d05f58,0x00000000c3440000)
 PSPermGen       total 21248K, used 10191K [0x00000000bb800000, 0x00000000bccc0000, 0x00000000c0a00000)
  object space 21248K, 47% used [0x00000000bb800000,0x00000000bc1f3c70,0x00000000bccc0000)

Code Cache  [0x0000000002190000, 0x0000000002400000, 0x0000000005190000)
 total_blobs=397 nmethods=21 adapters=330 free_code_cache=49800384 largest_free_block=6016

Dynamic libraries:
0x0000000000400000 - 0x000000000042e000 	C:\Program Files\Java\jdk1.6.0_25\jre\bin\java.exe
0x00000000779a0000 - 0x0000000077b49000 	C:\Windows\SYSTEM32\ntdll.dll
0x00000000772c0000 - 0x00000000773df000 	C:\Windows\system32\kernel32.dll
0x000007fefe160000 - 0x000007fefe1cc000 	C:\Windows\system32\KERNELBASE.dll
0x000007fefe540000 - 0x000007fefe61b000 	C:\Windows\system32\ADVAPI32.dll
0x000007fefe670000 - 0x000007fefe70f000 	C:\Windows\system32\msvcrt.dll
0x000007feffa50000 - 0x000007feffa6f000 	C:\Windows\SYSTEM32\sechost.dll
0x000007fefe8b0000 - 0x000007fefe9dd000 	C:\Windows\system32\RPCRT4.dll
0x000000006d890000 - 0x000000006e048000 	C:\Program Files\Java\jdk1.6.0_25\jre\bin\server\jvm.dll
0x00000000778a0000 - 0x000000007799a000 	C:\Windows\system32\USER32.dll
0x000007fefe9e0000 - 0x000007fefea47000 	C:\Windows\system32\GDI32.dll
0x000007fefea50000 - 0x000007fefea5e000 	C:\Windows\system32\LPK.dll
0x000007fefe7e0000 - 0x000007fefe8a9000 	C:\Windows\system32\USP10.dll
0x000007fefc370000 - 0x000007fefc3ab000 	C:\Windows\system32\WINMM.dll
0x000007fefe7b0000 - 0x000007fefe7de000 	C:\Windows\system32\IMM32.DLL
0x000007fefe430000 - 0x000007fefe539000 	C:\Windows\system32\MSCTF.dll
0x000000006d800000 - 0x000000006d80e000 	C:\Program Files\Java\jdk1.6.0_25\jre\bin\verify.dll
0x000000006d450000 - 0x000000006d477000 	C:\Program Files\Java\jdk1.6.0_25\jre\bin\java.dll
0x0000000077b70000 - 0x0000000077b77000 	C:\Windows\system32\PSAPI.DLL
0x000000006d850000 - 0x000000006d862000 	C:\Program Files\Java\jdk1.6.0_25\jre\bin\zip.dll
0x000000006d0a0000 - 0x000000006d263000 	C:\Program Files\Java\jdk1.6.0_25\jre\bin\awt.dll
0x000007fef9d80000 - 0x000007fef9df1000 	C:\Windows\system32\WINSPOOL.DRV
0x000007feffaa0000 - 0x000007feffca3000 	C:\Windows\system32\ole32.dll
0x000007fefea60000 - 0x000007feff7e8000 	C:\Windows\system32\SHELL32.dll
0x000007fefe1d0000 - 0x000007fefe241000 	C:\Windows\system32\SHLWAPI.dll
0x000007fefca10000 - 0x000007fefcc04000 	C:\Windows\WinSxS\amd64_microsoft.windows.common-controls_6595b64144ccf1df_6.0.7601.17514_none_fa396087175ac9ac\COMCTL32.dll
0x000007feeec20000 - 0x000007feef58a000 	C:\Users\brogers3\AppData\Local\Temp\.petlibs\baslera311x64.dll
0x0000000180000000 - 0x00000001801fe000 	C:\Program Files\Basler\pylon 2.3\pylon\bin\x64\PylonBase_MDd_VC80.dll
0x0000000013000000 - 0x0000000013499000 	C:\Program Files\Basler\pylon 2.3\pylon\bin\x64\xerces-c_MDd_VC80_v2_7.dll
0x000007fefe620000 - 0x000007fefe66d000 	C:\Windows\system32\WS2_32.dll
0x000007feffa90000 - 0x000007feffa98000 	C:\Windows\system32\NSI.dll
0x00000000604e0000 - 0x000000006062d000 	C:\Windows\WinSxS\amd64_microsoft.vc80.debugcrt_1fc8b3b9a1e18e3b_8.0.50727.762_none_dd1b6abf43c3c735\MSVCR80D.dll
0x0000000072c00000 - 0x0000000072d5b000 	C:\Windows\WinSxS\amd64_microsoft.vc80.debugcrt_1fc8b3b9a1e18e3b_8.0.50727.762_none_dd1b6abf43c3c735\MSVCP80D.dll
0x0000000005af0000 - 0x0000000005b24000 	C:\Program Files\Basler\pylon 2.3\genicam\Bin\Win64_x64\GCBase_MDd_VC80_v2_0.dll
0x0000000006f70000 - 0x00000000072db000 	C:\Program Files\Basler\pylon 2.3\genicam\Bin\Win64_x64\GenApi_MDd_VC80_v2_0.dll
0x00000000072e0000 - 0x0000000007323000 	C:\Program Files\Basler\pylon 2.3\genicam\Bin\Win64_x64\MathParser_MDd_VC80_v2_0.dll
0x0000000007330000 - 0x000000000741e000 	C:\Program Files\Basler\pylon 2.3\genicam\Bin\Win64_x64\log4cpp_MDd_VC80_v2_0.dll
0x0000000000660000 - 0x0000000000671000 	C:\Program Files\Basler\pylon 2.3\genicam\Bin\Win64_x64\Log_MDd_VC80_v2_0.dll
0x000007fefc6d0000 - 0x000007fefc6d7000 	C:\Windows\system32\MSIMG32.dll
0x000007fefe710000 - 0x000007fefe7a7000 	C:\Windows\system32\COMDLG32.dll
0x000007feff970000 - 0x000007feffa47000 	C:\Windows\system32\OLEAUT32.dll
0x000007fef9200000 - 0x000007fef9223000 	C:\Windows\system32\oledlg.dll
0x000007fef8a90000 - 0x000007fef8ae4000 	C:\Windows\system32\OLEACC.dll
0x000007fef6490000 - 0x000007fef66a5000 	C:\Windows\WinSxS\amd64_microsoft.windows.gdiplus_6595b64144ccf1df_1.1.7601.17514_none_2b24536c71ed437a\gdiplus.dll
0x000007fefde00000 - 0x000007fefde0f000 	C:\Windows\system32\profapi.dll
0x000007fefc9b0000 - 0x000007fefca06000 	C:\Windows\system32\UxTheme.dll
0x000007fefc450000 - 0x000007fefc468000 	C:\Windows\system32\dwmapi.dll
0x0000000007c20000 - 0x0000000007d3f000 	C:\Program Files\Basler\pylon 2.3\pylon\bin\x64\Pylon1394_MDd_VC80.dll
0x000007fefd900000 - 0x000007fefd90c000 	C:\Windows\system32\VERSION.dll
0x000007fefe250000 - 0x000007fefe427000 	C:\Windows\system32\SETUPAPI.dll
0x000007fefdfb0000 - 0x000007fefdfe6000 	C:\Windows\system32\CFGMGR32.dll
0x000007fefdf90000 - 0x000007fefdfaa000 	C:\Windows\system32\DEVOBJ.dll
0x0000000008710000 - 0x00000000087a4000 	C:\Program Files\Basler\pylon 2.3\pylon\bin\x64\PylonCLSer_MDd_VC80.dll
0x0000000007d40000 - 0x0000000007d8c000 	C:\Program Files\Basler\pylon 2.3\genicam\bin\Win64_x64\CLProtocol_MDd_VC80_v2_0.dll
0x00000000087b0000 - 0x00000000089a4000 	C:\Program Files\Basler\pylon 2.3\pylon\bin\x64\PylonGigE_MDd_VC80.dll
0x0000000072e50000 - 0x0000000072e68000 	C:\Program Files\Basler\pylon 2.3\pylon\bin\x64\gxapi.dll
0x000007fefb670000 - 0x000007fefb697000 	C:\Windows\system32\iphlpapi.dll
0x000007fefb660000 - 0x000007fefb66b000 	C:\Windows\system32\WINNSI.DLL
0x000007fefdeb0000 - 0x000007fefdeea000 	C:\Windows\system32\WINTRUST.dll
0x000007fefdff0000 - 0x000007fefe157000 	C:\Windows\system32\CRYPT32.dll
0x000007fefdea0000 - 0x000007fefdeaf000 	C:\Windows\system32\MSASN1.dll
0x0000000010000000 - 0x0000000010005000 	C:\Program Files\Basler\pylon 2.3\pylon\bin\x64\bcamerror.dll
0x0000000008e90000 - 0x0000000008ec9000 	C:\Program Files\Basler\pylon 2.3\genicam\Bin\Win64_x64\GenApi\Generic\XMLLoader_MDd_VC80_v2_0.dll
0x0000000008ed0000 - 0x000000000916a000 	C:\Program Files\Basler\pylon 2.3\genicam\Bin\Win64_x64\GenApi\Generic\xerces-c_MD_VC80_v2_7.dll
0x0000000075070000 - 0x0000000075139000 	C:\Windows\WinSxS\amd64_microsoft.vc80.crt_1fc8b3b9a1e18e3b_8.0.50727.6195_none_88e41e092fab0294\MSVCR80.dll
0x0000000009170000 - 0x00000000095f9000 	C:\Program Files\Basler\pylon 2.3\genicam\Bin\Win64_x64\GenApi\Generic\Xalan-C_MD_VC80_v1_10.dll
0x0000000013800000 - 0x000000001380c000 	C:\Program Files\Basler\pylon 2.3\genicam\Bin\Win64_x64\GenApi\Generic\XalanMessages_MD_VC80_v1_10.dll
0x0000000075140000 - 0x0000000075249000 	C:\Windows\WinSxS\amd64_microsoft.vc80.crt_1fc8b3b9a1e18e3b_8.0.50727.6195_none_88e41e092fab0294\MSVCP80.dll
0x000007fefdd30000 - 0x000007fefdd3f000 	C:\Windows\system32\CRYPTBASE.dll
0x000000006d340000 - 0x000000006d3a6000 	C:\Program Files\Java\jdk1.6.0_25\jre\bin\fontmanager.dll
0x000007fef1640000 - 0x000007fef183f000 	C:\Windows\system32\d3d9.dll
0x000007fefc6f0000 - 0x000007fefc6f7000 	C:\Windows\system32\d3d8thk.dll
0x000007feedfb0000 - 0x000007feeec15000 	C:\Windows\system32\nvd3dumx.dll
0x000007fefbd50000 - 0x000007fefbd7c000 	C:\Windows\system32\powrprof.dll
0x000000006d6a0000 - 0x000000006d6b7000 	C:\Program Files\Java\jdk1.6.0_25\jre\bin\net.dll
0x000007fefd610000 - 0x000007fefd665000 	C:\Windows\system32\mswsock.dll
0x000007fefd600000 - 0x000007fefd607000 	C:\Windows\System32\wship6.dll
0x000000006d6c0000 - 0x000000006d6cb000 	C:\Program Files\Java\jdk1.6.0_25\jre\bin\nio.dll
0x000007fef7e30000 - 0x000007fef7f55000 	C:\Windows\system32\dbghelp.dll

VM Arguments:
jvm_args: -Dfile.encoding=UTF-8 
java_command: edu.byui.PET.camera.JNICameraTest
Launcher Type: SUN_STANDARD

Environment Variables:
CLASSPATH=.;C:\Program Files (x86)\Java\jre6\lib\ext\QTJava.zip
PATH=C:\Program Files\Basler\pylon 2.3\pylon\bin\x64;C:\Program Files\Basler\pylon 2.3\genicam\bin\Win64_x64;C:\Program Files\Basler\pylon 2.3\pylon\bin\x64;C:\Program Files\Basler\pylon 2.3\pylon\bin\Win32;C:\Program Files\Basler\pylon 2.3\genicam\Bin\Win64_x64;C:\Program Files\Basler\pylon 2.3\genicam\Bin\Win32_i86;C:\Windows\system32;C:\Windows;C:\Windows\System32\Wbem;C:\Windows\System32\WindowsPowerShell\v1.0\;C:\Program Files\Intel\DMIX;C:\Windows\System32\Windows System Resource Manager\bin;C:\Windows\idmu\common;C:\Program Files (x86)\QuickTime\QTSystem\;C:\Program Files\MATLAB\R2011a\runtime\win64;C:\Program Files\MATLAB\R2011a\bin;C:\Program Files (x86)\IVI Foundation\IVI\bin;C:\Program Files\IVI Foundation\IVI\bin;C:\Program Files\IVI Foundation\VISA\Win64\Bin\;C:\Program Files (x86)\IVI Foundation\VISA\WinNT\Bin\;C:\Program Files (x86)\IVI Foundation\VISA\WinNT\Bin;C:\Program Files (x86)\National Instruments\Motion Assistant\bin\mxwplugins;c:\Program Files (x86)\Microsoft SQL Server\100\Tools\Binn\;c:\Program Files\Microsoft SQL Server\100\Tools\Binn\;c:\Program Files\Microsoft SQL Server\100\DTS\Binn\
USERNAME=brogers3
OS=Windows_NT
PROCESSOR_IDENTIFIER=Intel64 Family 6 Model 42 Stepping 7, GenuineIntel



---------------  S Y S T E M  ---------------

OS: Windows 7 Build 7601 Service Pack 1

CPU:total 4 (4 cores per cpu, 1 threads per core) family 6 model 42 stepping 7, cmov, cx8, fxsr, mmx, sse, sse2, sse3, ssse3, sse4.1, sse4.2, popcnt

Memory: 4k page, physical 4151328k(1284328k free), swap 7221480k(3836004k free)

vm_info: Java HotSpot(TM) 64-Bit Server VM (20.0-b11) for windows-amd64 JRE (1.6.0_25-b06), built on Apr 14 2011 00:44:38 by "java_re" with MS VC++ 8.0 (VS2005)

time: Fri Dec 09 19:44:20 2011
elapsed time: 11 seconds

