#
# A fatal error has been detected by the Java Runtime Environment:
#
#  EXCEPTION_ACCESS_VIOLATION (0xc0000005) at pc=0x000007feeedf4988, pid=2800, tid=5104
#
# JRE version: 6.0_25-b06
# Java VM: Java HotSpot(TM) 64-Bit Server VM (20.0-b11 mixed mode windows-amd64 compressed oops)
# Problematic frame:
# C  [baslera311x64.dll+0xe4988]
#
# If you would like to submit a bug report, please visit:
#   http://java.sun.com/webapps/bugreport/crash.jsp
# The crash happened outside the Java Virtual Machine in native code.
# See problematic frame for where to report the bug.
#

---------------  T H R E A D  ---------------

Current thread (0x000000000058c000):  JavaThread "main" [_thread_in_native, id=5104, stack(0x0000000000590000,0x0000000000690000)]

siginfo: ExceptionCode=0xc0000005, reading address 0xffffffffffffffff

Registers:
RAX=0xdddddddddddddddd, RBX=0x0000000000239e50, RCX=0x000000000023b438, RDX=0x0000000000000000
RSP=0x000000000068efb0, RBP=0x000000000068f8b0, RSI=0x000000000023b130, RDI=0x000007feef1fb730
R8 =0x0000000000001003, R9 =0x0000000000001003, R10=0x0000000077ad7c50, R11=0x0000000000276670
R12=0x000007fffffd5000, R13=0x000007fffffdc000, R14=0x0000000077ad7be0, R15=0x0000000077ad2670
RIP=0x000007feeedf4988, EFLAGS=0x0000000000010286

Top of Stack: (sp=0x000000000068efb0)
0x000000000068efb0:   000000000023b438 00000000001f1320
0x000000000068efc0:   000007feef5e0480 000007feeede6c43
0x000000000068efd0:   dddddddddddddddd 0000000000000001
0x000000000068efe0:   00000000001f1320 000007feeedf4763
0x000000000068eff0:   000000000023b438 000007feeede3123
0x000000000068f000:   000000000023b438 fffffffffffffffe
0x000000000068f010:   0000000000001003 fffffffffffffffe
0x000000000068f020:   00000000002766a0 000007feeedf48d6
0x000000000068f030:   000000000023b438 000007fe00001003
0x000000000068f040:   000007feef441222 00000000078b7f8e
0x000000000068f050:   0000000000276660 000007feeedf4bad
0x000000000068f060:   0000100300000000 00000000ef441220
0x000000000068f070:   00000000001f1320 000007feeede086a
0x000000000068f080:   0000000077ad7be0 000007feeedf461f
0x000000000068f090:   000000000023b438 000000000068f138
0x000000000068f0a0:   0000000000000000 0000000000000000 

Instructions: (pc=0x000007feeedf4988)
0x000007feeedf4968:   38 48 8b 4c 24 40 e8 cd e4 fe ff 48 8b 00 48 89
0x000007feeedf4978:   44 24 20 48 83 7c 24 20 00 74 17 48 8b 44 24 20
0x000007feeedf4988:   48 8b 00 48 8b 4c 24 20 ff 50 20 48 89 44 24 28
0x000007feeedf4998:   eb 09 48 c7 44 24 28 00 00 00 00 48 8b 44 24 28 


Register to memory mapping:

RAX=0xdddddddddddddddd is an unknown value
RBX=0x0000000000239e50 is an unknown value
RCX=0x000000000023b438 is an unknown value
RDX=0x0000000000000000 is an unknown value
RSP=0x000000000068efb0 is pointing into the stack for thread: 0x000000000058c000
RBP=0x000000000068f8b0 is pointing into the stack for thread: 0x000000000058c000
RSI=0x000000000023b130 is an unknown value
RDI=0x000007feef1fb730 is an unknown value
R8 =0x0000000000001003 is an unknown value
R9 =0x0000000000001003 is an unknown value
R10=0x0000000077ad7c50 is an unknown value
R11=0x0000000000276670 is an unknown value
R12=0x000007fffffd5000 is an unknown value
R13=0x000007fffffdc000 is an unknown value
R14=0x0000000077ad7be0 is an unknown value
R15=0x0000000077ad2670 is an unknown value


Stack: [0x0000000000590000,0x0000000000690000],  sp=0x000000000068efb0,  free space=1019k
Native frames: (J=compiled Java code, j=interpreted, Vv=VM code, C=native code)
C  [baslera311x64.dll+0xe4988]  ATL::CSimpleStringT<wchar_t,0>::GetManager+0x28
j  edu.byui.PET.camera.BaslerA311JNI.<init>(Ledu/byui/PET/camera/Configuration;)V+7
j  edu.byui.PET.camera.JNICameraTest.testPanel()V+16
j  edu.byui.PET.camera.JNICameraTest.<init>()V+5
j  edu.byui.PET.camera.JNICameraTest.main([Ljava/lang/String;)V+4
v  ~StubRoutines::call_stub
V  [jvm.dll+0x1e9a17]

Java frames: (J=compiled Java code, j=interpreted, Vv=VM code)
j  edu.byui.PET.camera.BaslerA311JNI.createCamera()J+0
j  edu.byui.PET.camera.BaslerA311JNI.<init>(Ledu/byui/PET/camera/Configuration;)V+7
j  edu.byui.PET.camera.JNICameraTest.testPanel()V+16
j  edu.byui.PET.camera.JNICameraTest.<init>()V+5
j  edu.byui.PET.camera.JNICameraTest.main([Ljava/lang/String;)V+4
v  ~StubRoutines::call_stub

---------------  P R O C E S S  ---------------

Java Threads: ( => current thread )
  0x0000000006206000 JavaThread "Low Memory Detector" daemon [_thread_blocked, id=4596, stack(0x00000000067a0000,0x00000000068a0000)]
  0x0000000006205000 JavaThread "C2 CompilerThread1" daemon [_thread_blocked, id=6624, stack(0x00000000066a0000,0x00000000067a0000)]
  0x00000000061fa000 JavaThread "C2 CompilerThread0" daemon [_thread_blocked, id=6892, stack(0x00000000065a0000,0x00000000066a0000)]
  0x00000000061f6800 JavaThread "Attach Listener" daemon [_thread_blocked, id=2720, stack(0x00000000064a0000,0x00000000065a0000)]
  0x00000000061f1000 JavaThread "Signal Dispatcher" daemon [_thread_blocked, id=4888, stack(0x00000000063a0000,0x00000000064a0000)]
  0x00000000003ec000 JavaThread "Finalizer" daemon [_thread_blocked, id=4308, stack(0x00000000060a0000,0x00000000061a0000)]
  0x00000000003e5800 JavaThread "Reference Handler" daemon [_thread_blocked, id=6056, stack(0x0000000005fa0000,0x00000000060a0000)]
=>0x000000000058c000 JavaThread "main" [_thread_in_native, id=5104, stack(0x0000000000590000,0x0000000000690000)]

Other Threads:
  0x00000000003dd000 VMThread [stack: 0x0000000005ea0000,0x0000000005fa0000] [id=6560]
  0x0000000006221000 WatcherThread [stack: 0x00000000068a0000,0x00000000069a0000] [id=6284]

VM state:not at safepoint (normal execution)

VM Mutex/Monitor currently owned by a thread: None

Heap
 PSYoungGen      total 18944K, used 658K [0x00000000eae00000, 0x00000000ec320000, 0x0000000100000000)
  eden space 16256K, 4% used [0x00000000eae00000,0x00000000eaea4910,0x00000000ebde0000)
  from space 2688K, 0% used [0x00000000ec080000,0x00000000ec080000,0x00000000ec320000)
  to   space 2688K, 0% used [0x00000000ebde0000,0x00000000ebde0000,0x00000000ec080000)
 PSOldGen        total 43264K, used 0K [0x00000000c0a00000, 0x00000000c3440000, 0x00000000eae00000)
  object space 43264K, 0% used [0x00000000c0a00000,0x00000000c0a00000,0x00000000c3440000)
 PSPermGen       total 21248K, used 4130K [0x00000000bb800000, 0x00000000bccc0000, 0x00000000c0a00000)
  object space 21248K, 19% used [0x00000000bb800000,0x00000000bbc08a00,0x00000000bccc0000)

Code Cache  [0x0000000002100000, 0x0000000002370000, 0x0000000005100000)
 total_blobs=207 nmethods=10 adapters=151 free_code_cache=49913792 largest_free_block=6784

Dynamic libraries:
0x0000000000400000 - 0x000000000042e000 	C:\Program Files\Java\jdk1.6.0_25\jre\bin\java.exe
0x00000000779a0000 - 0x0000000077b49000 	C:\Windows\SYSTEM32\ntdll.dll
0x00000000772c0000 - 0x00000000773df000 	C:\Windows\system32\kernel32.dll
0x000007fefe160000 - 0x000007fefe1cc000 	C:\Windows\system32\KERNELBASE.dll
0x000007fefe540000 - 0x000007fefe61b000 	C:\Windows\system32\ADVAPI32.dll
0x000007fefe670000 - 0x000007fefe70f000 	C:\Windows\system32\msvcrt.dll
0x000007feffa50000 - 0x000007feffa6f000 	C:\Windows\SYSTEM32\sechost.dll
0x000007fefe8b0000 - 0x000007fefe9dd000 	C:\Windows\system32\RPCRT4.dll
0x000000006d890000 - 0x000000006e048000 	C:\Program Files\Java\jdk1.6.0_25\jre\bin\server\jvm.dll
0x00000000778a0000 - 0x000000007799a000 	C:\Windows\system32\USER32.dll
0x000007fefe9e0000 - 0x000007fefea47000 	C:\Windows\system32\GDI32.dll
0x000007fefea50000 - 0x000007fefea5e000 	C:\Windows\system32\LPK.dll
0x000007fefe7e0000 - 0x000007fefe8a9000 	C:\Windows\system32\USP10.dll
0x000007fefc370000 - 0x000007fefc3ab000 	C:\Windows\system32\WINMM.dll
0x000007fefe7b0000 - 0x000007fefe7de000 	C:\Windows\system32\IMM32.DLL
0x000007fefe430000 - 0x000007fefe539000 	C:\Windows\system32\MSCTF.dll
0x000000006d800000 - 0x000000006d80e000 	C:\Program Files\Java\jdk1.6.0_25\jre\bin\verify.dll
0x000000006d450000 - 0x000000006d477000 	C:\Program Files\Java\jdk1.6.0_25\jre\bin\java.dll
0x0000000077b70000 - 0x0000000077b77000 	C:\Windows\system32\PSAPI.DLL
0x000000006d850000 - 0x000000006d862000 	C:\Program Files\Java\jdk1.6.0_25\jre\bin\zip.dll
0x000000006d0a0000 - 0x000000006d263000 	C:\Program Files\Java\jdk1.6.0_25\jre\bin\awt.dll
0x000007fef9d80000 - 0x000007fef9df1000 	C:\Windows\system32\WINSPOOL.DRV
0x000007feffaa0000 - 0x000007feffca3000 	C:\Windows\system32\ole32.dll
0x000007fefea60000 - 0x000007feff7e8000 	C:\Windows\system32\SHELL32.dll
0x000007fefe1d0000 - 0x000007fefe241000 	C:\Windows\system32\SHLWAPI.dll
0x000007fefca10000 - 0x000007fefcc04000 	C:\Windows\WinSxS\amd64_microsoft.windows.common-controls_6595b64144ccf1df_6.0.7601.17514_none_fa396087175ac9ac\COMCTL32.dll
0x000007feeed10000 - 0x000007feef679000 	C:\Users\brogers3\AppData\Local\Temp\.petlibs\baslera311x64.dll
0x0000000180000000 - 0x00000001801fe000 	C:\Program Files\Basler\pylon 2.3\pylon\bin\x64\PylonBase_MDd_VC80.dll
0x0000000013000000 - 0x0000000013499000 	C:\Program Files\Basler\pylon 2.3\pylon\bin\x64\xerces-c_MDd_VC80_v2_7.dll
0x000007fefe620000 - 0x000007fefe66d000 	C:\Windows\system32\WS2_32.dll
0x000007feffa90000 - 0x000007feffa98000 	C:\Windows\system32\NSI.dll
0x0000000061260000 - 0x00000000613ad000 	C:\Windows\WinSxS\amd64_microsoft.vc80.debugcrt_1fc8b3b9a1e18e3b_8.0.50727.762_none_dd1b6abf43c3c735\MSVCR80D.dll
0x0000000061560000 - 0x00000000616bb000 	C:\Windows\WinSxS\amd64_microsoft.vc80.debugcrt_1fc8b3b9a1e18e3b_8.0.50727.762_none_dd1b6abf43c3c735\MSVCP80D.dll
0x0000000006e70000 - 0x0000000006ea4000 	C:\Program Files\Basler\pylon 2.3\genicam\Bin\Win64_x64\GCBase_MDd_VC80_v2_0.dll
0x0000000006ec0000 - 0x000000000722b000 	C:\Program Files\Basler\pylon 2.3\genicam\Bin\Win64_x64\GenApi_MDd_VC80_v2_0.dll
0x0000000007240000 - 0x0000000007283000 	C:\Program Files\Basler\pylon 2.3\genicam\Bin\Win64_x64\MathParser_MDd_VC80_v2_0.dll
0x00000000072a0000 - 0x000000000738e000 	C:\Program Files\Basler\pylon 2.3\genicam\Bin\Win64_x64\log4cpp_MDd_VC80_v2_0.dll
0x00000000073a0000 - 0x00000000073b1000 	C:\Program Files\Basler\pylon 2.3\genicam\Bin\Win64_x64\Log_MDd_VC80_v2_0.dll
0x000007fefc6d0000 - 0x000007fefc6d7000 	C:\Windows\system32\MSIMG32.dll
0x000007fefe710000 - 0x000007fefe7a7000 	C:\Windows\system32\COMDLG32.dll
0x000007feff970000 - 0x000007feffa47000 	C:\Windows\system32\OLEAUT32.dll
0x000007fefc260000 - 0x000007fefc283000 	C:\Windows\system32\oledlg.dll
0x000007fef8a90000 - 0x000007fef8ae4000 	C:\Windows\system32\OLEACC.dll
0x000007fef6280000 - 0x000007fef6495000 	C:\Windows\WinSxS\amd64_microsoft.windows.gdiplus_6595b64144ccf1df_1.1.7601.17514_none_2b24536c71ed437a\gdiplus.dll
0x000007fefde00000 - 0x000007fefde0f000 	C:\Windows\system32\profapi.dll
0x0000000007dc0000 - 0x0000000007edf000 	C:\Program Files\Basler\pylon 2.3\pylon\bin\x64\Pylon1394_MDd_VC80.dll
0x000007fefd900000 - 0x000007fefd90c000 	C:\Windows\system32\VERSION.dll
0x000007fefe250000 - 0x000007fefe427000 	C:\Windows\system32\SETUPAPI.dll
0x000007fefdfb0000 - 0x000007fefdfe6000 	C:\Windows\system32\CFGMGR32.dll
0x000007fefdf90000 - 0x000007fefdfaa000 	C:\Windows\system32\DEVOBJ.dll
0x0000000007600000 - 0x0000000007694000 	C:\Program Files\Basler\pylon 2.3\pylon\bin\x64\PylonCLSer_MDd_VC80.dll
0x0000000007430000 - 0x000000000747c000 	C:\Program Files\Basler\pylon 2.3\genicam\bin\Win64_x64\CLProtocol_MDd_VC80_v2_0.dll
0x0000000008900000 - 0x0000000008af4000 	C:\Program Files\Basler\pylon 2.3\pylon\bin\x64\PylonGigE_MDd_VC80.dll
0x0000000062070000 - 0x0000000062088000 	C:\Program Files\Basler\pylon 2.3\pylon\bin\x64\gxapi.dll
0x000007fefb670000 - 0x000007fefb697000 	C:\Windows\system32\iphlpapi.dll
0x000007fefb660000 - 0x000007fefb66b000 	C:\Windows\system32\WINNSI.DLL
0x000007fefdeb0000 - 0x000007fefdeea000 	C:\Windows\system32\WINTRUST.dll
0x000007fefdff0000 - 0x000007fefe157000 	C:\Windows\system32\CRYPT32.dll
0x000007fefdea0000 - 0x000007fefdeaf000 	C:\Windows\system32\MSASN1.dll
0x000007fef7e30000 - 0x000007fef7f55000 	C:\Windows\system32\dbghelp.dll

VM Arguments:
jvm_args: -Dfile.encoding=UTF-8 
java_command: edu.byui.PET.camera.JNICameraTest
Launcher Type: SUN_STANDARD

Environment Variables:
CLASSPATH=.;C:\Program Files (x86)\Java\jre6\lib\ext\QTJava.zip
PATH=C:\Program Files\Basler\pylon 2.3\pylon\bin\x64;C:\Program Files\Basler\pylon 2.3\genicam\bin\Win64_x64;C:\Program Files\Basler\pylon 2.3\pylon\bin\x64;C:\Program Files\Basler\pylon 2.3\pylon\bin\Win32;C:\Program Files\Basler\pylon 2.3\genicam\Bin\Win64_x64;C:\Program Files\Basler\pylon 2.3\genicam\Bin\Win32_i86;C:\Windows\system32;C:\Windows;C:\Windows\System32\Wbem;C:\Windows\System32\WindowsPowerShell\v1.0\;C:\Program Files\Intel\DMIX;C:\Windows\System32\Windows System Resource Manager\bin;C:\Windows\idmu\common;C:\Program Files (x86)\QuickTime\QTSystem\;C:\Program Files\MATLAB\R2011a\runtime\win64;C:\Program Files\MATLAB\R2011a\bin;C:\Program Files (x86)\IVI Foundation\IVI\bin;C:\Program Files\IVI Foundation\IVI\bin;C:\Program Files\IVI Foundation\VISA\Win64\Bin\;C:\Program Files (x86)\IVI Foundation\VISA\WinNT\Bin\;C:\Program Files (x86)\IVI Foundation\VISA\WinNT\Bin;C:\Program Files (x86)\National Instruments\Motion Assistant\bin\mxwplugins;c:\Program Files (x86)\Microsoft SQL Server\100\Tools\Binn\;c:\Program Files\Microsoft SQL Server\100\Tools\Binn\;c:\Program Files\Microsoft SQL Server\100\DTS\Binn\
USERNAME=brogers3
OS=Windows_NT
PROCESSOR_IDENTIFIER=Intel64 Family 6 Model 42 Stepping 7, GenuineIntel



---------------  S Y S T E M  ---------------

OS: Windows 7 Build 7601 Service Pack 1

CPU:total 4 (4 cores per cpu, 1 threads per core) family 6 model 42 stepping 7, cmov, cx8, fxsr, mmx, sse, sse2, sse3, ssse3, sse4.1, sse4.2, popcnt

Memory: 4k page, physical 4151328k(1274600k free), swap 7221480k(4307948k free)

vm_info: Java HotSpot(TM) 64-Bit Server VM (20.0-b11) for windows-amd64 JRE (1.6.0_25-b06), built on Apr 14 2011 00:44:38 by "java_re" with MS VC++ 8.0 (VS2005)

time: Thu Dec 08 13:47:59 2011
elapsed time: 0 seconds

