#
# A fatal error has been detected by the Java Runtime Environment:
#
#  EXCEPTION_ACCESS_VIOLATION (0xc0000005) at pc=0x00000000072eae19, pid=2788, tid=6928
#
# JRE version: 6.0_25-b06
# Java VM: Java HotSpot(TM) 64-Bit Server VM (20.0-b11 mixed mode windows-amd64 compressed oops)
# Problematic frame:
# C  [log4cpp_MDd_VC80_v2_0.dll+0x2ae19]
#
# If you would like to submit a bug report, please visit:
#   http://java.sun.com/webapps/bugreport/crash.jsp
# The crash happened outside the Java Virtual Machine in native code.
# See problematic frame for where to report the bug.
#

---------------  T H R E A D  ---------------

Current thread (0x0000000006bc2800):  JavaThread "AWT-EventQueue-0" [_thread_in_native, id=6928, stack(0x000000000ee10000,0x000000000ef10000)]

siginfo: ExceptionCode=0xc0000005, reading address 0xffffffffffffffff

Registers:
RAX=0xdddddddddddddddd, RBX=0x00000000bbaaadf0, RCX=0x0000000008d38990, RDX=0x0000000000000258
RSP=0x000000000ef0c920, RBP=0x000000000ef0d7a8, RSI=0x00000000bbedd7f8, RDI=0x000000000ef0c960
R8 =0x000000000716a628, R9 =0x000000000ef0c980, R10=0xf16e4f4854403e2d, R11=0x8101010101010100
R12=0x0000000000000000, R13=0x00000000bbaaadf0, R14=0x000000000ef0d7e8, R15=0x0000000006bc2800
RIP=0x00000000072eae19, EFLAGS=0x0000000000010206

Top of Stack: (sp=0x000000000ef0c920)
0x000000000ef0c920:   0000000008d38990 cccccccccccccccc
0x000000000ef0c930:   cccccccccccccccc cccccccccccccccc
0x000000000ef0c940:   cccccccccccccccc 000000000ef0c980
0x000000000ef0c950:   cccccccccccccccc cccccccccccccccc
0x000000000ef0c960:   000000000ef0c9e0 00000000070be8ca
0x000000000ef0c970:   0000000008d38990 000000000716a628
0x000000000ef0c980:   000000000722c210 0000000000000be8
0x000000000ef0c990:   cccccccccccccccc cccccccccccccccc
0x000000000ef0c9a0:   cccccccccccccccc cccccccccccccccc
0x000000000ef0c9b0:   cccccccccccccccc fffffffffffffffe
0x000000000ef0c9c0:   cccccccccccccccc cccccccccccccccc
0x000000000ef0c9d0:   cccccccccccccccc cccccccccccccccc
0x000000000ef0c9e0:   000000000ef0ca60 000000000708cae5
0x000000000ef0c9f0:   000000000bef53a0 000000000745e3a0
0x000000000ef0ca00:   cccccccccccccccc cccccccccccccccc
0x000000000ef0ca10:   cccccccccccccccc 00000000070f73f8 

Instructions: (pc=0x00000000072eae19)
0x00000000072eadf9:   89 44 24 28 48 8b 44 24 50 48 8b 00 4c 8b 4c 24
0x00000000072eae09:   28 4c 8b 44 24 58 ba 58 02 00 00 48 8b 4c 24 50
0x00000000072eae19:   ff 90 d0 00 00 00 48 c7 44 24 28 00 00 00 00 48
0x00000000072eae29:   8b cc 48 8d 15 ee 33 07 00 e8 29 36 06 00 48 83 


Register to memory mapping:

RAX=0xdddddddddddddddd is an unknown value
RBX=0x00000000bbaaadf0 is an oop
{method} 
 - klass: {other class}
RCX=0x0000000008d38990 is an unknown value
RDX=0x0000000000000258 is an unknown value
RSP=0x000000000ef0c920 is pointing into the stack for thread: 0x0000000006bc2800
RBP=0x000000000ef0d7a8 is pointing into the stack for thread: 0x0000000006bc2800
RSI=0x00000000bbedd7f8 is an oop
{instance class} 
 - klass: {other class}
RDI=0x000000000ef0c960 is pointing into the stack for thread: 0x0000000006bc2800
R8 =0x000000000716a628 is an unknown value
R9 =0x000000000ef0c980 is pointing into the stack for thread: 0x0000000006bc2800
R10=0xf16e4f4854403e2d is an unknown value
R11=0x8101010101010100 is an unknown value
R12=0x0000000000000000 is an unknown value
R13=0x00000000bbaaadf0 is an oop
{method} 
 - klass: {other class}
R14=0x000000000ef0d7e8 is pointing into the stack for thread: 0x0000000006bc2800
R15=0x0000000006bc2800 is a thread


Stack: [0x000000000ee10000,0x000000000ef10000],  sp=0x000000000ef0c920,  free space=1010k
Native frames: (J=compiled Java code, j=interpreted, Vv=VM code, C=native code)
C  [log4cpp_MDd_VC80_v2_0.dll+0x2ae19]  log4cpp::TriggeringEventEvaluator::~TriggeringEventEvaluator+0x2740c
j  edu.byui.PET.camera.BaslerA311JNI.retrieveData()Z+43
j  edu.byui.PET.camera.PETCamera.captureImage()Z+1
j  edu.byui.PET.images.CameraImagePanel.capture()V+4
j  edu.byui.PET.camera.JNICameraTest$2.actionPerformed(Ljava/awt/event/ActionEvent;)V+3
j  javax.swing.AbstractButton.fireActionPerformed(Ljava/awt/event/ActionEvent;)V+84
j  javax.swing.AbstractButton$Handler.actionPerformed(Ljava/awt/event/ActionEvent;)V+5
j  javax.swing.DefaultButtonModel.fireActionPerformed(Ljava/awt/event/ActionEvent;)V+35
j  javax.swing.DefaultButtonModel.setPressed(Z)V+117
j  javax.swing.plaf.basic.BasicButtonListener.mouseReleased(Ljava/awt/event/MouseEvent;)V+35
j  java.awt.Component.processMouseEvent(Ljava/awt/event/MouseEvent;)V+64
j  javax.swing.JComponent.processMouseEvent(Ljava/awt/event/MouseEvent;)V+23
j  java.awt.Component.processEvent(Ljava/awt/AWTEvent;)V+81
j  java.awt.Container.processEvent(Ljava/awt/AWTEvent;)V+18
j  java.awt.Component.dispatchEventImpl(Ljava/awt/AWTEvent;)V+566
j  java.awt.Container.dispatchEventImpl(Ljava/awt/AWTEvent;)V+42
j  java.awt.Component.dispatchEvent(Ljava/awt/AWTEvent;)V+2
j  java.awt.LightweightDispatcher.retargetMouseEvent(Ljava/awt/Component;ILjava/awt/event/MouseEvent;)V+320
j  java.awt.LightweightDispatcher.processMouseEvent(Ljava/awt/event/MouseEvent;)Z+139
j  java.awt.LightweightDispatcher.dispatchEvent(Ljava/awt/AWTEvent;)Z+50
j  java.awt.Container.dispatchEventImpl(Ljava/awt/AWTEvent;)V+12
j  java.awt.Window.dispatchEventImpl(Ljava/awt/AWTEvent;)V+19
j  java.awt.Component.dispatchEvent(Ljava/awt/AWTEvent;)V+2
j  java.awt.EventQueue.dispatchEventImpl(Ljava/awt/AWTEvent;Ljava/lang/Object;)V+41
j  java.awt.EventQueue.access$000(Ljava/awt/EventQueue;Ljava/awt/AWTEvent;Ljava/lang/Object;)V+3
j  java.awt.EventQueue$1.run()Ljava/lang/Void;+12
j  java.awt.EventQueue$1.run()Ljava/lang/Object;+1
v  ~StubRoutines::call_stub
V  [jvm.dll+0x1e9a17]

Java frames: (J=compiled Java code, j=interpreted, Vv=VM code)
j  edu.byui.PET.camera.BaslerA311JNI.getCameraData(JJ)[B+0
j  edu.byui.PET.camera.BaslerA311JNI.retrieveData()Z+43
j  edu.byui.PET.camera.PETCamera.captureImage()Z+1
j  edu.byui.PET.images.CameraImagePanel.capture()V+4
j  edu.byui.PET.camera.JNICameraTest$2.actionPerformed(Ljava/awt/event/ActionEvent;)V+3
j  javax.swing.AbstractButton.fireActionPerformed(Ljava/awt/event/ActionEvent;)V+84
j  javax.swing.AbstractButton$Handler.actionPerformed(Ljava/awt/event/ActionEvent;)V+5
j  javax.swing.DefaultButtonModel.fireActionPerformed(Ljava/awt/event/ActionEvent;)V+35
j  javax.swing.DefaultButtonModel.setPressed(Z)V+117
j  javax.swing.plaf.basic.BasicButtonListener.mouseReleased(Ljava/awt/event/MouseEvent;)V+35
j  java.awt.Component.processMouseEvent(Ljava/awt/event/MouseEvent;)V+64
j  javax.swing.JComponent.processMouseEvent(Ljava/awt/event/MouseEvent;)V+23
j  java.awt.Component.processEvent(Ljava/awt/AWTEvent;)V+81
j  java.awt.Container.processEvent(Ljava/awt/AWTEvent;)V+18
j  java.awt.Component.dispatchEventImpl(Ljava/awt/AWTEvent;)V+566
j  java.awt.Container.dispatchEventImpl(Ljava/awt/AWTEvent;)V+42
j  java.awt.Component.dispatchEvent(Ljava/awt/AWTEvent;)V+2
j  java.awt.LightweightDispatcher.retargetMouseEvent(Ljava/awt/Component;ILjava/awt/event/MouseEvent;)V+320
j  java.awt.LightweightDispatcher.processMouseEvent(Ljava/awt/event/MouseEvent;)Z+139
j  java.awt.LightweightDispatcher.dispatchEvent(Ljava/awt/AWTEvent;)Z+50
j  java.awt.Container.dispatchEventImpl(Ljava/awt/AWTEvent;)V+12
j  java.awt.Window.dispatchEventImpl(Ljava/awt/AWTEvent;)V+19
j  java.awt.Component.dispatchEvent(Ljava/awt/AWTEvent;)V+2
j  java.awt.EventQueue.dispatchEventImpl(Ljava/awt/AWTEvent;Ljava/lang/Object;)V+41
j  java.awt.EventQueue.access$000(Ljava/awt/EventQueue;Ljava/awt/AWTEvent;Ljava/lang/Object;)V+3
j  java.awt.EventQueue$1.run()Ljava/lang/Void;+12
j  java.awt.EventQueue$1.run()Ljava/lang/Object;+1
v  ~StubRoutines::call_stub
j  java.security.AccessController.doPrivileged(Ljava/security/PrivilegedAction;Ljava/security/AccessControlContext;)Ljava/lang/Object;+0
j  java.security.AccessControlContext$1.doIntersectionPrivilege(Ljava/security/PrivilegedAction;Ljava/security/AccessControlContext;Ljava/security/AccessControlContext;)Ljava/lang/Object;+28
j  java.security.AccessControlContext$1.doIntersectionPrivilege(Ljava/security/PrivilegedAction;Ljava/security/AccessControlContext;)Ljava/lang/Object;+6
j  java.awt.EventQueue$2.run()Ljava/lang/Void;+11
j  java.awt.EventQueue$2.run()Ljava/lang/Object;+1
v  ~StubRoutines::call_stub
j  java.security.AccessController.doPrivileged(Ljava/security/PrivilegedAction;Ljava/security/AccessControlContext;)Ljava/lang/Object;+0
j  java.security.AccessControlContext$1.doIntersectionPrivilege(Ljava/security/PrivilegedAction;Ljava/security/AccessControlContext;Ljava/security/AccessControlContext;)Ljava/lang/Object;+28
j  java.awt.EventQueue.dispatchEvent(Ljava/awt/AWTEvent;)V+73
j  java.awt.EventDispatchThread.pumpOneEventForFilters(I)Z+204
j  java.awt.EventDispatchThread.pumpEventsForFilter(ILjava/awt/Conditional;Ljava/awt/EventFilter;)V+30
j  java.awt.EventDispatchThread.pumpEventsForHierarchy(ILjava/awt/Conditional;Ljava/awt/Component;)V+11
j  java.awt.EventDispatchThread.pumpEvents(ILjava/awt/Conditional;)V+4
j  java.awt.EventDispatchThread.pumpEvents(Ljava/awt/Conditional;)V+3
j  java.awt.EventDispatchThread.run()V+9
v  ~StubRoutines::call_stub

---------------  P R O C E S S  ---------------

Java Threads: ( => current thread )
  0x0000000006bc5000 JavaThread "D3D Screen Updater" daemon [_thread_blocked, id=3716, stack(0x000000000f010000,0x000000000f110000)]
  0x0000000006bc4000 JavaThread "DestroyJavaVM" [_thread_blocked, id=2868, stack(0x0000000001fa0000,0x00000000020a0000)]
  0x0000000006bc3800 JavaThread "TimerQueue" daemon [_thread_blocked, id=5604, stack(0x000000000ef10000,0x000000000f010000)]
=>0x0000000006bc2800 JavaThread "AWT-EventQueue-0" [_thread_in_native, id=6928, stack(0x000000000ee10000,0x000000000ef10000)]
  0x0000000006bc2000 JavaThread "Thread-3" [_thread_in_native, id=4384, stack(0x000000000ed10000,0x000000000ee10000)]
  0x0000000006bc0800 JavaThread "AWT-Shutdown" [_thread_blocked, id=4820, stack(0x000000000c3d0000,0x000000000c4d0000)]
  0x0000000006bc1000 JavaThread "AWT-Windows" daemon [_thread_in_native, id=7012, stack(0x000000000c4d0000,0x000000000c5d0000)]
  0x0000000006bc0000 JavaThread "Java2D Disposer" daemon [_thread_blocked, id=6620, stack(0x000000000c2d0000,0x000000000c3d0000)]
  0x00000000061da000 JavaThread "Low Memory Detector" daemon [_thread_blocked, id=6460, stack(0x0000000006770000,0x0000000006870000)]
  0x00000000061cf800 JavaThread "C2 CompilerThread1" daemon [_thread_blocked, id=6900, stack(0x0000000006670000,0x0000000006770000)]
  0x00000000061ca000 JavaThread "C2 CompilerThread0" daemon [_thread_blocked, id=1748, stack(0x0000000006570000,0x0000000006670000)]
  0x00000000061c6800 JavaThread "Attach Listener" daemon [_thread_blocked, id=6284, stack(0x0000000006470000,0x0000000006570000)]
  0x00000000061c1000 JavaThread "Signal Dispatcher" daemon [_thread_blocked, id=5412, stack(0x0000000006370000,0x0000000006470000)]
  0x00000000002c7000 JavaThread "Finalizer" daemon [_thread_blocked, id=5708, stack(0x0000000006070000,0x0000000006170000)]
  0x00000000002c5800 JavaThread "Reference Handler" daemon [_thread_blocked, id=6252, stack(0x0000000005f70000,0x0000000006070000)]

Other Threads:
  0x00000000002bd000 VMThread [stack: 0x0000000005e70000,0x0000000005f70000] [id=5540]
  0x00000000061e3800 WatcherThread [stack: 0x0000000006870000,0x0000000006970000] [id=5800]

VM state:not at safepoint (normal execution)

VM Mutex/Monitor currently owned by a thread: None

Heap
 PSYoungGen      total 18944K, used 5758K [0x00000000eae00000, 0x00000000ec320000, 0x0000000100000000)
  eden space 16256K, 27% used [0x00000000eae00000,0x00000000eb26d888,0x00000000ebde0000)
  from space 2688K, 45% used [0x00000000ebde0000,0x00000000ebf12160,0x00000000ec080000)
  to   space 2688K, 0% used [0x00000000ec080000,0x00000000ec080000,0x00000000ec320000)
 PSOldGen        total 43264K, used 0K [0x00000000c0a00000, 0x00000000c3440000, 0x00000000eae00000)
  object space 43264K, 0% used [0x00000000c0a00000,0x00000000c0a00000,0x00000000c3440000)
 PSPermGen       total 21248K, used 10186K [0x00000000bb800000, 0x00000000bccc0000, 0x00000000c0a00000)
  object space 21248K, 47% used [0x00000000bb800000,0x00000000bc1f2928,0x00000000bccc0000)

Code Cache  [0x00000000020a0000, 0x0000000002310000, 0x00000000050a0000)
 total_blobs=391 nmethods=15 adapters=330 free_code_cache=49807040 largest_free_block=6784

Dynamic libraries:
0x0000000000400000 - 0x000000000042e000 	C:\Program Files\Java\jdk1.6.0_25\jre\bin\java.exe
0x00000000779a0000 - 0x0000000077b49000 	C:\Windows\SYSTEM32\ntdll.dll
0x00000000772c0000 - 0x00000000773df000 	C:\Windows\system32\kernel32.dll
0x000007fefe160000 - 0x000007fefe1cc000 	C:\Windows\system32\KERNELBASE.dll
0x000007fefe540000 - 0x000007fefe61b000 	C:\Windows\system32\ADVAPI32.dll
0x000007fefe670000 - 0x000007fefe70f000 	C:\Windows\system32\msvcrt.dll
0x000007feffa50000 - 0x000007feffa6f000 	C:\Windows\SYSTEM32\sechost.dll
0x000007fefe8b0000 - 0x000007fefe9dd000 	C:\Windows\system32\RPCRT4.dll
0x000000006d890000 - 0x000000006e048000 	C:\Program Files\Java\jdk1.6.0_25\jre\bin\server\jvm.dll
0x00000000778a0000 - 0x000000007799a000 	C:\Windows\system32\USER32.dll
0x000007fefe9e0000 - 0x000007fefea47000 	C:\Windows\system32\GDI32.dll
0x000007fefea50000 - 0x000007fefea5e000 	C:\Windows\system32\LPK.dll
0x000007fefe7e0000 - 0x000007fefe8a9000 	C:\Windows\system32\USP10.dll
0x000007fefc370000 - 0x000007fefc3ab000 	C:\Windows\system32\WINMM.dll
0x000007fefe7b0000 - 0x000007fefe7de000 	C:\Windows\system32\IMM32.DLL
0x000007fefe430000 - 0x000007fefe539000 	C:\Windows\system32\MSCTF.dll
0x000000006d800000 - 0x000000006d80e000 	C:\Program Files\Java\jdk1.6.0_25\jre\bin\verify.dll
0x000000006d450000 - 0x000000006d477000 	C:\Program Files\Java\jdk1.6.0_25\jre\bin\java.dll
0x0000000077b70000 - 0x0000000077b77000 	C:\Windows\system32\PSAPI.DLL
0x000000006d850000 - 0x000000006d862000 	C:\Program Files\Java\jdk1.6.0_25\jre\bin\zip.dll
0x000000006d0a0000 - 0x000000006d263000 	C:\Program Files\Java\jdk1.6.0_25\jre\bin\awt.dll
0x000007fef9d80000 - 0x000007fef9df1000 	C:\Windows\system32\WINSPOOL.DRV
0x000007feffaa0000 - 0x000007feffca3000 	C:\Windows\system32\ole32.dll
0x000007fefea60000 - 0x000007feff7e8000 	C:\Windows\system32\SHELL32.dll
0x000007fefe1d0000 - 0x000007fefe241000 	C:\Windows\system32\SHLWAPI.dll
0x000007fefca10000 - 0x000007fefcc04000 	C:\Windows\WinSxS\amd64_microsoft.windows.common-controls_6595b64144ccf1df_6.0.7601.17514_none_fa396087175ac9ac\COMCTL32.dll
0x000007feefc30000 - 0x000007fef0599000 	C:\Users\brogers3\AppData\Local\Temp\.petlibs\baslera311x64.dll
0x0000000180000000 - 0x00000001801fe000 	C:\Program Files\Basler\pylon 2.3\pylon\bin\x64\PylonBase_MDd_VC80.dll
0x0000000013000000 - 0x0000000013499000 	C:\Program Files\Basler\pylon 2.3\pylon\bin\x64\xerces-c_MDd_VC80_v2_7.dll
0x000007fefe620000 - 0x000007fefe66d000 	C:\Windows\system32\WS2_32.dll
0x000007feffa90000 - 0x000007feffa98000 	C:\Windows\system32\NSI.dll
0x00000000620d0000 - 0x000000006221d000 	C:\Windows\WinSxS\amd64_microsoft.vc80.debugcrt_1fc8b3b9a1e18e3b_8.0.50727.762_none_dd1b6abf43c3c735\MSVCR80D.dll
0x0000000061630000 - 0x000000006178b000 	C:\Windows\WinSxS\amd64_microsoft.vc80.debugcrt_1fc8b3b9a1e18e3b_8.0.50727.762_none_dd1b6abf43c3c735\MSVCP80D.dll
0x00000000069a0000 - 0x00000000069d4000 	C:\Program Files\Basler\pylon 2.3\genicam\Bin\Win64_x64\GCBase_MDd_VC80_v2_0.dll
0x0000000006f00000 - 0x000000000726b000 	C:\Program Files\Basler\pylon 2.3\genicam\Bin\Win64_x64\GenApi_MDd_VC80_v2_0.dll
0x0000000007270000 - 0x00000000072b3000 	C:\Program Files\Basler\pylon 2.3\genicam\Bin\Win64_x64\MathParser_MDd_VC80_v2_0.dll
0x00000000072c0000 - 0x00000000073ae000 	C:\Program Files\Basler\pylon 2.3\genicam\Bin\Win64_x64\log4cpp_MDd_VC80_v2_0.dll
0x00000000073b0000 - 0x00000000073c1000 	C:\Program Files\Basler\pylon 2.3\genicam\Bin\Win64_x64\Log_MDd_VC80_v2_0.dll
0x000007fefc6d0000 - 0x000007fefc6d7000 	C:\Windows\system32\MSIMG32.dll
0x000007fefe710000 - 0x000007fefe7a7000 	C:\Windows\system32\COMDLG32.dll
0x000007feff970000 - 0x000007feffa47000 	C:\Windows\system32\OLEAUT32.dll
0x000007fef7a50000 - 0x000007fef7a73000 	C:\Windows\system32\oledlg.dll
0x000007fef8a90000 - 0x000007fef8ae4000 	C:\Windows\system32\OLEACC.dll
0x000007fef6280000 - 0x000007fef6495000 	C:\Windows\WinSxS\amd64_microsoft.windows.gdiplus_6595b64144ccf1df_1.1.7601.17514_none_2b24536c71ed437a\gdiplus.dll
0x000007fefde00000 - 0x000007fefde0f000 	C:\Windows\system32\profapi.dll
0x000007fefc9b0000 - 0x000007fefca06000 	C:\Windows\system32\UxTheme.dll
0x000007fefc450000 - 0x000007fefc468000 	C:\Windows\system32\dwmapi.dll
0x0000000007cc0000 - 0x0000000007ddf000 	C:\Program Files\Basler\pylon 2.3\pylon\bin\x64\Pylon1394_MDd_VC80.dll
0x000007fefd900000 - 0x000007fefd90c000 	C:\Windows\system32\VERSION.dll
0x000007fefe250000 - 0x000007fefe427000 	C:\Windows\system32\SETUPAPI.dll
0x000007fefdfb0000 - 0x000007fefdfe6000 	C:\Windows\system32\CFGMGR32.dll
0x000007fefdf90000 - 0x000007fefdfaa000 	C:\Windows\system32\DEVOBJ.dll
0x0000000007710000 - 0x00000000077a4000 	C:\Program Files\Basler\pylon 2.3\pylon\bin\x64\PylonCLSer_MDd_VC80.dll
0x0000000007540000 - 0x000000000758c000 	C:\Program Files\Basler\pylon 2.3\genicam\bin\Win64_x64\CLProtocol_MDd_VC80_v2_0.dll
0x0000000008770000 - 0x0000000008964000 	C:\Program Files\Basler\pylon 2.3\pylon\bin\x64\PylonGigE_MDd_VC80.dll
0x0000000062710000 - 0x0000000062728000 	C:\Program Files\Basler\pylon 2.3\pylon\bin\x64\gxapi.dll
0x000007fefb670000 - 0x000007fefb697000 	C:\Windows\system32\iphlpapi.dll
0x000007fefb660000 - 0x000007fefb66b000 	C:\Windows\system32\WINNSI.DLL
0x000007fefdeb0000 - 0x000007fefdeea000 	C:\Windows\system32\WINTRUST.dll
0x000007fefdff0000 - 0x000007fefe157000 	C:\Windows\system32\CRYPT32.dll
0x000007fefdea0000 - 0x000007fefdeaf000 	C:\Windows\system32\MSASN1.dll
0x0000000010000000 - 0x0000000010005000 	C:\Program Files\Basler\pylon 2.3\pylon\bin\x64\bcamerror.dll
0x0000000008e60000 - 0x0000000008e99000 	C:\Program Files\Basler\pylon 2.3\genicam\Bin\Win64_x64\GenApi\Generic\XMLLoader_MDd_VC80_v2_0.dll
0x0000000008eb0000 - 0x000000000914a000 	C:\Program Files\Basler\pylon 2.3\genicam\Bin\Win64_x64\GenApi\Generic\xerces-c_MD_VC80_v2_7.dll
0x0000000075070000 - 0x0000000075139000 	C:\Windows\WinSxS\amd64_microsoft.vc80.crt_1fc8b3b9a1e18e3b_8.0.50727.6195_none_88e41e092fab0294\MSVCR80.dll
0x0000000009160000 - 0x00000000095e9000 	C:\Program Files\Basler\pylon 2.3\genicam\Bin\Win64_x64\GenApi\Generic\Xalan-C_MD_VC80_v1_10.dll
0x0000000013800000 - 0x000000001380c000 	C:\Program Files\Basler\pylon 2.3\genicam\Bin\Win64_x64\GenApi\Generic\XalanMessages_MD_VC80_v1_10.dll
0x0000000075140000 - 0x0000000075249000 	C:\Windows\WinSxS\amd64_microsoft.vc80.crt_1fc8b3b9a1e18e3b_8.0.50727.6195_none_88e41e092fab0294\MSVCP80.dll
0x000007fefdd30000 - 0x000007fefdd3f000 	C:\Windows\system32\CRYPTBASE.dll
0x000000006d340000 - 0x000000006d3a6000 	C:\Program Files\Java\jdk1.6.0_25\jre\bin\fontmanager.dll
0x000007fef1840000 - 0x000007fef1a3f000 	C:\Windows\system32\d3d9.dll
0x000007fefc300000 - 0x000007fefc307000 	C:\Windows\system32\d3d8thk.dll
0x000007feed630000 - 0x000007feee295000 	C:\Windows\system32\nvd3dumx.dll
0x000007fefbd50000 - 0x000007fefbd7c000 	C:\Windows\system32\powrprof.dll
0x000000006d6a0000 - 0x000000006d6b7000 	C:\Program Files\Java\jdk1.6.0_25\jre\bin\net.dll
0x000007fefd610000 - 0x000007fefd665000 	C:\Windows\system32\mswsock.dll
0x000007fefd600000 - 0x000007fefd607000 	C:\Windows\System32\wship6.dll
0x000000006d6c0000 - 0x000000006d6cb000 	C:\Program Files\Java\jdk1.6.0_25\jre\bin\nio.dll

VM Arguments:
jvm_args: -Dfile.encoding=UTF-8 
java_command: edu.byui.PET.camera.JNICameraTest
Launcher Type: SUN_STANDARD

Environment Variables:
CLASSPATH=.;C:\Program Files (x86)\Java\jre6\lib\ext\QTJava.zip
PATH=C:\Program Files\Basler\pylon 2.3\pylon\bin\x64;C:\Program Files\Basler\pylon 2.3\genicam\bin\Win64_x64;C:\Program Files\Basler\pylon 2.3\pylon\bin\x64;C:\Program Files\Basler\pylon 2.3\pylon\bin\Win32;C:\Program Files\Basler\pylon 2.3\genicam\Bin\Win64_x64;C:\Program Files\Basler\pylon 2.3\genicam\Bin\Win32_i86;C:\Windows\system32;C:\Windows;C:\Windows\System32\Wbem;C:\Windows\System32\WindowsPowerShell\v1.0\;C:\Program Files\Intel\DMIX;C:\Windows\System32\Windows System Resource Manager\bin;C:\Windows\idmu\common;C:\Program Files (x86)\QuickTime\QTSystem\;C:\Program Files\MATLAB\R2011a\runtime\win64;C:\Program Files\MATLAB\R2011a\bin;C:\Program Files (x86)\IVI Foundation\IVI\bin;C:\Program Files\IVI Foundation\IVI\bin;C:\Program Files\IVI Foundation\VISA\Win64\Bin\;C:\Program Files (x86)\IVI Foundation\VISA\WinNT\Bin\;C:\Program Files (x86)\IVI Foundation\VISA\WinNT\Bin;C:\Program Files (x86)\National Instruments\Motion Assistant\bin\mxwplugins;c:\Program Files (x86)\Microsoft SQL Server\100\Tools\Binn\;c:\Program Files\Microsoft SQL Server\100\Tools\Binn\;c:\Program Files\Microsoft SQL Server\100\DTS\Binn\
USERNAME=brogers3
OS=Windows_NT
PROCESSOR_IDENTIFIER=Intel64 Family 6 Model 42 Stepping 7, GenuineIntel



---------------  S Y S T E M  ---------------

OS: Windows 7 Build 7601 Service Pack 1

CPU:total 4 (4 cores per cpu, 1 threads per core) family 6 model 42 stepping 7, cmov, cx8, fxsr, mmx, sse, sse2, sse3, ssse3, sse4.1, sse4.2, popcnt

Memory: 4k page, physical 4151328k(1515920k free), swap 7221480k(4450328k free)

vm_info: Java HotSpot(TM) 64-Bit Server VM (20.0-b11) for windows-amd64 JRE (1.6.0_25-b06), built on Apr 14 2011 00:44:38 by "java_re" with MS VC++ 8.0 (VS2005)

time: Thu Dec 08 14:05:51 2011
elapsed time: 13 seconds

